<!DOCTYPE html>
<html>
    <body>
        <a href="/">Back</a>
        <mutation-test-report-app title-postfix="Infection"></mutation-test-report-app>
        <script defer src="https://cdn.jsdelivr.net/npm/mutation-testing-elements/dist/mutation-test-elements.js"></script>
        <script>
            const app = document.getElementsByTagName('mutation-test-report-app').item(0);
            function updateTheme() {
                document.body.style.backgroundColor = app.themeBackgroundColor;
            }
            app.addEventListener('theme-changed', updateTheme);
            updateTheme();

            document.getElementsByTagName('mutation-test-report-app').item(0).report = {"schemaVersion":"1","thresholds":{"high":90,"low":50},"files":{"Application\/Service\/DropFile\/DropFile.php":{"language":"php","source":"<?php\n\nnamespace DriveManager\\Application\\Service\\DropFile;\n\nuse DriveManager\\Domain\\Model\\File\\File;\nuse DriveManager\\Domain\\Model\\File\\FileName;\nuse DriveManager\\Domain\\Model\\File\\FileContent;\nuse DriveManager\\Domain\\Model\\File\\FIleRepositoryInterface;\nuse DriveManager\\Domain\\Model\\File\\Path;\n\nclass DropFile\n{\n    private DropFileResponse $dropFileResponse;\n\n    public function __construct(private DropFileInterface $dropFileApi, private FIleRepositoryInterface $repository)\n    {\n    }\n\n    public function execute(DropFileRequest $request): void\n    {\n        $fileName = new FileName($request->fileToDeposit);\n        $path = new Path($request->directoryName);\n        $fileContent = new FileContent($request->fileContent);\n        $file = new File($fileName, $path, $fileContent);\n\n        $this->repository->add($file);\n        $this->dropFileApi->dropFile($file);\n        $this->dropFileResponse = new DropFileResponse(\n            $file->getId()->__toString(),\n            $file->getFileName(),\n            $file->getPath(),\n            $file->getDate()->format('Y-m-d H:i:s')\n        );\n    }\n\n    public function getResponse(): DropFileResponse\n    {\n        return $this->dropFileResponse;\n    }\n}\n","mutants":[{"id":"18cb4169cec910fb708e23aad1603730","mutatorName":"PublicVisibility","replacement":"protected function execute(DropFileRequest $request): void","description":"Replaces the `public` method visibility keyword with `protected`.","location":{"start":{"line":19,"column":5},"end":{"line":19,"column":60}},"status":"Killed","statusReason":"PHPUnit 11.1.1 by Sebastian Bergmann and contributors.\n\nRuntime:       PHP 8.3.4\nConfiguration: \/tmp\/infection\/phpunitConfiguration.18cb4169cec910fb708e23aad1603730.infection.xml\n\nEEE                                                                 3 \/ 3 (100%)\n\nTime: 00:00.012, Memory: 12.00 MB\n\nThere were 3 errors:\n\n1) DriveManager\\Tests\\Application\\Service\\DropFile\\DropFileTest::testDepositASimpleFile\nError: Call to protected method DriveManager\\Application\\Service\\DropFile\\DropFile::execute() from scope DriveManager\\Tests\\Application\\Service\\DropFile\\DropFileTest\n\n\/home\/dev\/work\/DriveManager\/tests\/unit\/Application\/Service\/DropFile\/DropFileTest.php:23\n\n2) DriveManager\\Tests\\Application\\Service\\DropFile\\DropFileTest::testDepositAFileWithComplexPath\nError: Call to protected method DriveManager\\Application\\Service\\DropFile\\DropFile::execute() from scope DriveManager\\Tests\\Application\\Service\\DropFile\\DropFileTest\n\n\/home\/dev\/work\/DriveManager\/tests\/unit\/Application\/Service\/DropFile\/DropFileTest.php:45\n\n3) DriveManager\\Tests\\Application\\Service\\DropFile\\DropFileTest::testCountFilesDeposit\nError: Call to protected method DriveManager\\Application\\Service\\DropFile\\DropFile::execute() from scope DriveManager\\Tests\\Application\\Service\\DropFile\\DropFileTest\n\n\/home\/dev\/work\/DriveManager\/tests\/unit\/Application\/Service\/DropFile\/DropFileTest.php:65\n\nERRORS!\nTests: 3, Assertions: 0, Errors: 3.","coveredBy":["e2dbf5f4be5d1423551df21e7999666f","bf4612de009320f1a9ec5e4ce84b6137","344871469e7a6d983df5663ebcc23175"],"killedBy":["e2dbf5f4be5d1423551df21e7999666f"],"testsCompleted":3},{"id":"c903a968f97c1f6effa3b59b4b6ababb","mutatorName":"MethodCallRemoval","replacement":"","description":"Removes the method call.","location":{"start":{"line":26,"column":9},"end":{"line":26,"column":39}},"status":"Killed","statusReason":"PHPUnit 11.1.1 by Sebastian Bergmann and contributors.\n\nRuntime:       PHP 8.3.4\nConfiguration: \/tmp\/infection\/phpunitConfiguration.c903a968f97c1f6effa3b59b4b6ababb.infection.xml\n\nE..                                                                 3 \/ 3 (100%)\n\nTime: 00:00.014, Memory: 12.00 MB\n\nThere was 1 error:\n\n1) DriveManager\\Tests\\Application\\Service\\DropFile\\DropFileTest::testDepositASimpleFile\nError: Typed property DriveManager\\Infrastructure\\Persistence\\FileRepositoryInMemory::$files must not be accessed before initialization\n\n\/home\/dev\/work\/DriveManager\/src\/Infrastructure\/Persistence\/FileRepositoryInMemory.php:24\n\/home\/dev\/work\/DriveManager\/tests\/unit\/Application\/Service\/DropFile\/DropFileTest.php:26\n\nERRORS!\nTests: 3, Assertions: 3, Errors: 1.","coveredBy":["e2dbf5f4be5d1423551df21e7999666f","bf4612de009320f1a9ec5e4ce84b6137","344871469e7a6d983df5663ebcc23175"],"killedBy":["e2dbf5f4be5d1423551df21e7999666f"],"testsCompleted":3},{"id":"b4cf0599327f75b7143520db4b051b0a","mutatorName":"MethodCallRemoval","replacement":"","description":"Removes the method call.","location":{"start":{"line":27,"column":9},"end":{"line":27,"column":45}},"status":"Killed","statusReason":"PHPUnit 11.1.1 by Sebastian Bergmann and contributors.\n\nRuntime:       PHP 8.3.4\nConfiguration: \/tmp\/infection\/phpunitConfiguration.b4cf0599327f75b7143520db4b051b0a.infection.xml\n\nF\n\nTime: 00:00.013, Memory: 12.00 MB\n\nThere was 1 failure:\n\n1) DriveManager\\Tests\\Application\\Service\\DropFile\\DropFileTest::testDepositASimpleFile\nFailed asserting that 0 matches expected 1.\n\n\/home\/dev\/work\/DriveManager\/tests\/unit\/Application\/Service\/DropFile\/DropFileTest.php:32\n\nFAILURES!\nTests: 1, Assertions: 4, Failures: 1.","coveredBy":["e2dbf5f4be5d1423551df21e7999666f","bf4612de009320f1a9ec5e4ce84b6137","344871469e7a6d983df5663ebcc23175"],"killedBy":["e2dbf5f4be5d1423551df21e7999666f"],"testsCompleted":1},{"id":"a50d8584ebbe39897bcf3967f2960133","mutatorName":"PublicVisibility","replacement":"protected function getResponse(): DropFileResponse","description":"Replaces the `public` method visibility keyword with `protected`.","location":{"start":{"line":36,"column":5},"end":{"line":36,"column":52}},"status":"Killed","statusReason":"PHPUnit 11.1.1 by Sebastian Bergmann and contributors.\n\nRuntime:       PHP 8.3.4\nConfiguration: \/tmp\/infection\/phpunitConfiguration.a50d8584ebbe39897bcf3967f2960133.infection.xml\n\nEE.                                                                 3 \/ 3 (100%)\n\nTime: 00:00.014, Memory: 12.00 MB\n\nThere were 2 errors:\n\n1) DriveManager\\Tests\\Application\\Service\\DropFile\\DropFileTest::testDepositASimpleFile\nError: Call to protected method DriveManager\\Application\\Service\\DropFile\\DropFile::getResponse() from scope DriveManager\\Tests\\Application\\Service\\DropFile\\DropFileTest\n\n\/home\/dev\/work\/DriveManager\/tests\/unit\/Application\/Service\/DropFile\/DropFileTest.php:24\n\n2) DriveManager\\Tests\\Application\\Service\\DropFile\\DropFileTest::testDepositAFileWithComplexPath\nError: Call to protected method DriveManager\\Application\\Service\\DropFile\\DropFile::getResponse() from scope DriveManager\\Tests\\Application\\Service\\DropFile\\DropFileTest\n\n\/home\/dev\/work\/DriveManager\/tests\/unit\/Application\/Service\/DropFile\/DropFileTest.php:46\n\nERRORS!\nTests: 3, Assertions: 1, Errors: 2.","coveredBy":["e2dbf5f4be5d1423551df21e7999666f","bf4612de009320f1a9ec5e4ce84b6137"],"killedBy":["e2dbf5f4be5d1423551df21e7999666f"],"testsCompleted":3}]},"Domain\/Model\/File\/File.php":{"language":"php","source":"<?php\n\nnamespace DriveManager\\Domain\\Model\\File;\n\nuse Safe\\DateTimeImmutable;\n\nclass File\n{\n    private DateTimeImmutable $date;\n\n    public function __construct(\n        private FileName $fileName,\n        private Path $path = new Path(),\n        private FileContent $content = new FileContent(),\n        private FileId $id = new FileId()\n    ) {\n        $this->date = new DateTimeImmutable();\n    }\n\n    public function getFileName(): string\n    {\n        return $this->fileName->getFileName();\n    }\n\n    public function getContent(): string\n    {\n        return $this->content->getContent();\n    }\n\n    public function getId(): FileId\n    {\n        return $this->id;\n    }\n\n    public function getDate(): DateTimeImmutable\n    {\n        return $this->date;\n    }\n\n    public function getPath(): string\n    {\n        return $this->path; \/\/->getPath().$this->fileName\n    }\n}\n","mutants":[{"id":"8428afdc3dc5e601e0c6aa92b589a906","mutatorName":"PublicVisibility","replacement":"protected function getFileName(): string","description":"Replaces the `public` method visibility keyword with `protected`.","location":{"start":{"line":20,"column":5},"end":{"line":20,"column":42}},"status":"Killed","statusReason":"PHPUnit 11.1.1 by Sebastian Bergmann and contributors.\n\nRuntime:       PHP 8.3.4\nConfiguration: \/tmp\/infection\/phpunitConfiguration.8428afdc3dc5e601e0c6aa92b589a906.infection.xml\n\nEEEEE....E..                                                      12 \/ 12 (100%)\n\nTime: 00:00.017, Memory: 12.00 MB\n\nThere were 6 errors:\n\n1) DriveManager\\Tests\\Application\\Service\\DropFile\\DropFileTest::testDepositAFileWithComplexPath\nError: Call to protected method DriveManager\\Domain\\Model\\File\\File::getFileName() from scope DriveManager\\Tests\\Application\\Service\\DropFile\\DropFileApiVfs\n\n\/home\/dev\/work\/DriveManager\/tests\/unit\/Application\/Service\/DropFile\/DropFileApiVfs.php:30\n\/home\/dev\/work\/DriveManager\/src\/Application\/Service\/DropFile\/DropFile.php:27\n\/home\/dev\/work\/DriveManager\/tests\/unit\/Application\/Service\/DropFile\/DropFileTest.php:45\n\n2) DriveManager\\Tests\\Application\\Service\\DropFile\\DropFileTest::testDepositASimpleFile\nError: Call to protected method DriveManager\\Domain\\Model\\File\\File::getFileName() from scope DriveManager\\Tests\\Application\\Service\\DropFile\\DropFileApiVfs\n\n\/home\/dev\/work\/DriveManager\/tests\/unit\/Application\/Service\/DropFile\/DropFileApiVfs.php:30\n\/home\/dev\/work\/DriveManager\/src\/Application\/Service\/DropFile\/DropFile.php:27\n\/home\/dev\/work\/DriveManager\/tests\/unit\/Application\/Service\/DropFile\/DropFileTest.php:23\n\n3) DriveManager\\Tests\\Application\\Service\\DropFile\\DropFileTest::testCountFilesDeposit\nError: Call to protected method DriveManager\\Domain\\Model\\File\\File::getFileName() from scope DriveManager\\Tests\\Application\\Service\\DropFile\\DropFileApiVfs\n\n\/home\/dev\/work\/DriveManager\/tests\/unit\/Application\/Service\/DropFile\/DropFileApiVfs.php:30\n\/home\/dev\/work\/DriveManager\/src\/Application\/Service\/DropFile\/DropFile.php:27\n\/home\/dev\/work\/DriveManager\/tests\/unit\/Application\/Service\/DropFile\/DropFileTest.php:65\n\n4) DriveManager\\Tests\\Infrastructure\\DriveProvider\\DropFileForFileSystemTest::testDropOneFile\nError: Call to protected method DriveManager\\Domain\\Model\\File\\File::getFileName() from scope DriveManager\\Infrastructure\\DriveProvider\\DropFileForFileSystem\n\n\/home\/dev\/work\/DriveManager\/src\/Infrastructure\/DriveProvider\/DropFileForFileSystem.php:26\n\/home\/dev\/work\/DriveManager\/tests\/unit\/Infrastructure\/DriveProvider\/DropFileForFileSystemTest.php:34\n\n5) DriveManager\\Tests\\Infrastructure\\DriveProvider\\DropFileForFileSystemTest::testFileDoesntExiste\nError: Call to protected method DriveManager\\Domain\\Model\\File\\File::getFileName() from scope DriveManager\\Infrastructure\\DriveProvider\\DropFileForFileSystem\n\n\/home\/dev\/work\/DriveManager\/src\/Infrastructure\/DriveProvider\/DropFileForFileSystem.php:32\n\/home\/dev\/work\/DriveManager\/tests\/unit\/Infrastructure\/DriveProvider\/DropFileForFileSystemTest.php:49\n\n6) DriveManager\\Tests\\Domain\\FileTest::testCreateFileFromAnExistingFile\nError: Call to protected method DriveManager\\Domain\\Model\\File\\File::getFileName() from scope DriveManager\\Tests\\Domain\\FileTest\n\n\/home\/dev\/work\/DriveManager\/tests\/unit\/Domain\/FileTest.php:20\n\nERRORS!\nTests: 12, Assertions: 8, Errors: 6.","coveredBy":["6b87ba6ed2f24bd4bc3be3c35437ce56","e2dbf5f4be5d1423551df21e7999666f","bf4612de009320f1a9ec5e4ce84b6137","344871469e7a6d983df5663ebcc23175","3188d27faf0542c1df4f334b0e7a8883","67524a3d4cc3c11715f0ce54f28f336e"],"killedBy":["bf4612de009320f1a9ec5e4ce84b6137"],"testsCompleted":12},{"id":"3298e1123341f5d4cd479b9a6760fe19","mutatorName":"PublicVisibility","replacement":"protected function getContent(): string","description":"Replaces the `public` method visibility keyword with `protected`.","location":{"start":{"line":25,"column":5},"end":{"line":25,"column":41}},"status":"Killed","statusReason":"PHPUnit 11.1.1 by Sebastian Bergmann and contributors.\n\nRuntime:       PHP 8.3.4\nConfiguration: \/tmp\/infection\/phpunitConfiguration.3298e1123341f5d4cd479b9a6760fe19.infection.xml\n\nEEEE.....E..F\n\nTime: 00:00.022, Memory: 12.00 MB\n\nThere were 5 errors:\n\n1) DriveManager\\Tests\\Application\\Service\\DropFile\\DropFileTest::testDepositAFileWithComplexPath\nError: Call to protected method DriveManager\\Domain\\Model\\File\\File::getContent() from scope DriveManager\\Tests\\Application\\Service\\DropFile\\DropFileApiVfs\n\n\/home\/dev\/work\/DriveManager\/tests\/unit\/Application\/Service\/DropFile\/DropFileApiVfs.php:31\n\/home\/dev\/work\/DriveManager\/src\/Application\/Service\/DropFile\/DropFile.php:27\n\/home\/dev\/work\/DriveManager\/tests\/unit\/Application\/Service\/DropFile\/DropFileTest.php:45\n\n2) DriveManager\\Tests\\Application\\Service\\DropFile\\DropFileTest::testDepositASimpleFile\nError: Call to protected method DriveManager\\Domain\\Model\\File\\File::getContent() from scope DriveManager\\Tests\\Application\\Service\\DropFile\\DropFileApiVfs\n\n\/home\/dev\/work\/DriveManager\/tests\/unit\/Application\/Service\/DropFile\/DropFileApiVfs.php:31\n\/home\/dev\/work\/DriveManager\/src\/Application\/Service\/DropFile\/DropFile.php:27\n\/home\/dev\/work\/DriveManager\/tests\/unit\/Application\/Service\/DropFile\/DropFileTest.php:23\n\n3) DriveManager\\Tests\\Application\\Service\\DropFile\\DropFileTest::testCountFilesDeposit\nError: Call to protected method DriveManager\\Domain\\Model\\File\\File::getContent() from scope DriveManager\\Tests\\Application\\Service\\DropFile\\DropFileApiVfs\n\n\/home\/dev\/work\/DriveManager\/tests\/unit\/Application\/Service\/DropFile\/DropFileApiVfs.php:31\n\/home\/dev\/work\/DriveManager\/src\/Application\/Service\/DropFile\/DropFile.php:27\n\/home\/dev\/work\/DriveManager\/tests\/unit\/Application\/Service\/DropFile\/DropFileTest.php:65\n\n4) DriveManager\\Tests\\Infrastructure\\DriveProvider\\DropFileForFileSystemTest::testDropOneFile\nError: Call to protected method DriveManager\\Domain\\Model\\File\\File::getContent() from scope DriveManager\\Infrastructure\\DriveProvider\\DropFileForFileSystem\n\n\/home\/dev\/work\/DriveManager\/src\/Infrastructure\/DriveProvider\/DropFileForFileSystem.php:27\n\/home\/dev\/work\/DriveManager\/tests\/unit\/Infrastructure\/DriveProvider\/DropFileForFileSystemTest.php:34\n\n5) DriveManager\\Tests\\Domain\\FileTest::testCreateFileFromAnExistingFile\nError: Call to protected method DriveManager\\Domain\\Model\\File\\File::getContent() from scope DriveManager\\Tests\\Domain\\FileTest\n\n\/home\/dev\/work\/DriveManager\/tests\/unit\/Domain\/FileTest.php:21\n\n--\n\nThere was 1 failure:\n\n1) DriveManager\\Tests\\Infrastructure\\DriveProvider\\DropFileNextcloudTest::testDropFileFail\nFailed asserting that exception of type \"Error\" matches expected exception \"DriveManager\\Application\\Service\\DropFile\\Exceptions\\FailUploadingFileException\". Message was: \"Call to protected method DriveManager\\Domain\\Model\\File\\File::getContent() from scope DriveManager\\Infrastructure\\DriveProvider\\DropFileNextcloud\" at\n\/home\/dev\/work\/DriveManager\/src\/Infrastructure\/DriveProvider\/DropFileNextcloud.php:32\n\/home\/dev\/work\/DriveManager\/tests\/unit\/Infrastructure\/DriveProvider\/DropFileNextcloudTest.php:50\n.\n\nERRORS!\nTests: 13, Assertions: 11, Errors: 5, Failures: 1.","coveredBy":["6b87ba6ed2f24bd4bc3be3c35437ce56","dcdf3770770ae6814995a42bc8f75a34","e2e3abe013fe94fbb23700ea903057f2","f587532994a2087fb33510f6757a1ce8","f17dfd3321c73cb8c2a8531ca41c64f3","e2dbf5f4be5d1423551df21e7999666f","bf4612de009320f1a9ec5e4ce84b6137","344871469e7a6d983df5663ebcc23175","67524a3d4cc3c11715f0ce54f28f336e"],"killedBy":["bf4612de009320f1a9ec5e4ce84b6137"],"testsCompleted":13},{"id":"f99e14f1d756ca2dd21b99cc106e4828","mutatorName":"PublicVisibility","replacement":"protected function getId(): FileId","description":"Replaces the `public` method visibility keyword with `protected`.","location":{"start":{"line":30,"column":5},"end":{"line":30,"column":36}},"status":"Killed","statusReason":"PHPUnit 11.1.1 by Sebastian Bergmann and contributors.\n\nRuntime:       PHP 8.3.4\nConfiguration: \/tmp\/infection\/phpunitConfiguration.f99e14f1d756ca2dd21b99cc106e4828.infection.xml\n\nEEEE.E.                                                             7 \/ 7 (100%)\n\nTime: 00:00.014, Memory: 12.00 MB\n\nThere were 5 errors:\n\n1) DriveManager\\Tests\\Application\\Service\\DropFile\\DropFileTest::testDepositAFileWithComplexPath\nError: Call to protected method DriveManager\\Domain\\Model\\File\\File::getid() from scope DriveManager\\Infrastructure\\Persistence\\FileRepositoryInMemory\n\n\/home\/dev\/work\/DriveManager\/src\/Infrastructure\/Persistence\/FileRepositoryInMemory.php:19\n\/home\/dev\/work\/DriveManager\/src\/Application\/Service\/DropFile\/DropFile.php:26\n\/home\/dev\/work\/DriveManager\/tests\/unit\/Application\/Service\/DropFile\/DropFileTest.php:45\n\n2) DriveManager\\Tests\\Application\\Service\\DropFile\\DropFileTest::testDepositASimpleFile\nError: Call to protected method DriveManager\\Domain\\Model\\File\\File::getid() from scope DriveManager\\Infrastructure\\Persistence\\FileRepositoryInMemory\n\n\/home\/dev\/work\/DriveManager\/src\/Infrastructure\/Persistence\/FileRepositoryInMemory.php:19\n\/home\/dev\/work\/DriveManager\/src\/Application\/Service\/DropFile\/DropFile.php:26\n\/home\/dev\/work\/DriveManager\/tests\/unit\/Application\/Service\/DropFile\/DropFileTest.php:23\n\n3) DriveManager\\Tests\\Application\\Service\\DropFile\\DropFileTest::testCountFilesDeposit\nError: Call to protected method DriveManager\\Domain\\Model\\File\\File::getid() from scope DriveManager\\Infrastructure\\Persistence\\FileRepositoryInMemory\n\n\/home\/dev\/work\/DriveManager\/src\/Infrastructure\/Persistence\/FileRepositoryInMemory.php:19\n\/home\/dev\/work\/DriveManager\/src\/Application\/Service\/DropFile\/DropFile.php:26\n\/home\/dev\/work\/DriveManager\/tests\/unit\/Application\/Service\/DropFile\/DropFileTest.php:65\n\n4) DriveManager\\Tests\\Infrastructure\\Persistence\\FileRepositoryInMemoryTest::testFindById\nError: Call to protected method DriveManager\\Domain\\Model\\File\\File::getid() from scope DriveManager\\Infrastructure\\Persistence\\FileRepositoryInMemory\n\n\/home\/dev\/work\/DriveManager\/src\/Infrastructure\/Persistence\/FileRepositoryInMemory.php:19\n\/home\/dev\/work\/DriveManager\/tests\/unit\/Infrastructure\/Persistence\/FileRepositoryInMemoryTest.php:19\n\n5) DriveManager\\Tests\\Domain\\FileTest::testFileId\nError: Call to protected method DriveManager\\Domain\\Model\\File\\File::getId() from scope DriveManager\\Tests\\Domain\\FileTest\n\n\/home\/dev\/work\/DriveManager\/tests\/unit\/Domain\/FileTest.php:27\n\nERRORS!\nTests: 7, Assertions: 3, Errors: 5.","coveredBy":["9d692165916d891482073ea05e22baa3","e2dbf5f4be5d1423551df21e7999666f","bf4612de009320f1a9ec5e4ce84b6137","344871469e7a6d983df5663ebcc23175","ae3e6c8669394ac8fa94f37859a9a124"],"killedBy":["bf4612de009320f1a9ec5e4ce84b6137"],"testsCompleted":7},{"id":"fc385ff817c36028c9e13277c1e75646","mutatorName":"PublicVisibility","replacement":"protected function getDate(): DateTimeImmutable","description":"Replaces the `public` method visibility keyword with `protected`.","location":{"start":{"line":35,"column":5},"end":{"line":35,"column":49}},"status":"Killed","statusReason":"PHPUnit 11.1.1 by Sebastian Bergmann and contributors.\n\nRuntime:       PHP 8.3.4\nConfiguration: \/tmp\/infection\/phpunitConfiguration.fc385ff817c36028c9e13277c1e75646.infection.xml\n\nEEE..E                                                              6 \/ 6 (100%)\n\nTime: 00:00.016, Memory: 12.00 MB\n\nThere were 4 errors:\n\n1) DriveManager\\Tests\\Application\\Service\\DropFile\\DropFileTest::testDepositASimpleFile\nError: Call to protected method DriveManager\\Domain\\Model\\File\\File::getDate() from scope DriveManager\\Application\\Service\\DropFile\\DropFile\n\n\/home\/dev\/work\/DriveManager\/src\/Application\/Service\/DropFile\/DropFile.php:32\n\/home\/dev\/work\/DriveManager\/tests\/unit\/Application\/Service\/DropFile\/DropFileTest.php:23\n\n2) DriveManager\\Tests\\Application\\Service\\DropFile\\DropFileTest::testCountFilesDeposit\nError: Call to protected method DriveManager\\Domain\\Model\\File\\File::getDate() from scope DriveManager\\Application\\Service\\DropFile\\DropFile\n\n\/home\/dev\/work\/DriveManager\/src\/Application\/Service\/DropFile\/DropFile.php:32\n\/home\/dev\/work\/DriveManager\/tests\/unit\/Application\/Service\/DropFile\/DropFileTest.php:65\n\n3) DriveManager\\Tests\\Application\\Service\\DropFile\\DropFileTest::testDepositAFileWithComplexPath\nError: Call to protected method DriveManager\\Domain\\Model\\File\\File::getDate() from scope DriveManager\\Application\\Service\\DropFile\\DropFile\n\n\/home\/dev\/work\/DriveManager\/src\/Application\/Service\/DropFile\/DropFile.php:32\n\/home\/dev\/work\/DriveManager\/tests\/unit\/Application\/Service\/DropFile\/DropFileTest.php:45\n\n4) DriveManager\\Tests\\Domain\\FileTest::testFileCreationDate\nError: Call to protected method DriveManager\\Domain\\Model\\File\\File::getDate() from scope DriveManager\\Tests\\Domain\\FileTest\n\n\/home\/dev\/work\/DriveManager\/tests\/unit\/Domain\/FileTest.php:35\n\nERRORS!\nTests: 6, Assertions: 3, Errors: 4.","coveredBy":["04b90d96c7fe427c43fa7d9cd7e0e728","e2dbf5f4be5d1423551df21e7999666f","bf4612de009320f1a9ec5e4ce84b6137","344871469e7a6d983df5663ebcc23175"],"killedBy":["e2dbf5f4be5d1423551df21e7999666f"],"testsCompleted":6},{"id":"18ece3024d963140ccb7de0854c75cdd","mutatorName":"PublicVisibility","replacement":"protected function getPath(): string","description":"Replaces the `public` method visibility keyword with `protected`.","location":{"start":{"line":40,"column":5},"end":{"line":40,"column":38}},"status":"Killed","statusReason":"PHPUnit 11.1.1 by Sebastian Bergmann and contributors.\n\nRuntime:       PHP 8.3.4\nConfiguration: \/tmp\/infection\/phpunitConfiguration.18ece3024d963140ccb7de0854c75cdd.infection.xml\n\nE....F\n\nTime: 00:00.017, Memory: 12.00 MB\n\nThere was 1 error:\n\n1) DriveManager\\Tests\\Infrastructure\\DriveProvider\\DropFileForFileSystemTest::testDropOneFile\nError: Call to protected method DriveManager\\Domain\\Model\\File\\File::getPath() from scope DriveManager\\Infrastructure\\DriveProvider\\DropFileForFileSystem\n\n\/home\/dev\/work\/DriveManager\/src\/Infrastructure\/DriveProvider\/DropFileForFileSystem.php:20\n\/home\/dev\/work\/DriveManager\/tests\/unit\/Infrastructure\/DriveProvider\/DropFileForFileSystemTest.php:34\n\n--\n\nThere was 1 failure:\n\n1) DriveManager\\Tests\\Infrastructure\\DriveProvider\\DropFileForFileSystemTest::testThrowExceptionRepositoryDoesntExiste\nFailed asserting that exception of type \"Error\" matches expected exception \"DriveManager\\Application\\Service\\DropFile\\Exceptions\\RepositoryDoesNotExistException\". Message was: \"Call to protected method DriveManager\\Domain\\Model\\File\\File::getPath() from scope DriveManager\\Infrastructure\\DriveProvider\\DropFileForFileSystem\" at\n\/home\/dev\/work\/DriveManager\/src\/Infrastructure\/DriveProvider\/DropFileForFileSystem.php:20\n\/home\/dev\/work\/DriveManager\/tests\/unit\/Infrastructure\/DriveProvider\/DropFileForFileSystemTest.php:60\n.\n\nERRORS!\nTests: 6, Assertions: 6, Errors: 1, Failures: 1.","coveredBy":["dcdf3770770ae6814995a42bc8f75a34","e2e3abe013fe94fbb23700ea903057f2","f587532994a2087fb33510f6757a1ce8","101c103a5895f854f85578e81d50d169","67962a755c696325d98af3da8febeb62","f17dfd3321c73cb8c2a8531ca41c64f3","e2dbf5f4be5d1423551df21e7999666f","bf4612de009320f1a9ec5e4ce84b6137","344871469e7a6d983df5663ebcc23175","e3a165ff08c432bcc1bff1eb343a4be0","67524a3d4cc3c11715f0ce54f28f336e"],"killedBy":["67524a3d4cc3c11715f0ce54f28f336e"],"testsCompleted":6}]},"Domain\/Model\/File\/FileContent.php":{"language":"php","source":"<?php\n\nnamespace DriveManager\\Domain\\Model\\File;\n\nclass FileContent\n{\n    public function __construct(private string $content = '')\n    {\n    }\n\n    public function getContent(): string\n    {\n        return $this->content;\n    }\n}\n","mutants":[{"id":"36c289220d4a718f1ac9cddeafb3b1cb","mutatorName":"PublicVisibility","replacement":"protected function getContent(): string","description":"Replaces the `public` method visibility keyword with `protected`.","location":{"start":{"line":11,"column":5},"end":{"line":11,"column":41}},"status":"Killed","statusReason":"PHPUnit 11.1.1 by Sebastian Bergmann and contributors.\n\nRuntime:       PHP 8.3.4\nConfiguration: \/tmp\/infection\/phpunitConfiguration.36c289220d4a718f1ac9cddeafb3b1cb.infection.xml\n\n.E....EEE.E.EEF\n\nTime: 00:00.024, Memory: 12.00 MB\n\nThere were 7 errors:\n\n1) DriveManager\\Tests\\Infrastructure\\DriveProvider\\DropFileForFileSystemTest::testDropOneFile\nError: Call to protected method DriveManager\\Domain\\Model\\File\\FileContent::getContent() from scope DriveManager\\Domain\\Model\\File\\File\n\n\/home\/dev\/work\/DriveManager\/src\/Domain\/Model\/File\/File.php:27\n\/home\/dev\/work\/DriveManager\/src\/Infrastructure\/DriveProvider\/DropFileForFileSystem.php:27\n\/home\/dev\/work\/DriveManager\/tests\/unit\/Infrastructure\/DriveProvider\/DropFileForFileSystemTest.php:34\n\n2) DriveManager\\Tests\\Application\\Service\\DropFile\\DropFileTest::testDepositAFileWithComplexPath\nError: Call to protected method DriveManager\\Domain\\Model\\File\\FileContent::getContent() from scope DriveManager\\Domain\\Model\\File\\File\n\n\/home\/dev\/work\/DriveManager\/src\/Domain\/Model\/File\/File.php:27\n\/home\/dev\/work\/DriveManager\/tests\/unit\/Application\/Service\/DropFile\/DropFileApiVfs.php:31\n\/home\/dev\/work\/DriveManager\/src\/Application\/Service\/DropFile\/DropFile.php:27\n\/home\/dev\/work\/DriveManager\/tests\/unit\/Application\/Service\/DropFile\/DropFileTest.php:45\n\n3) DriveManager\\Tests\\Application\\Service\\DropFile\\DropFileTest::testCountFilesDeposit\nError: Call to protected method DriveManager\\Domain\\Model\\File\\FileContent::getContent() from scope DriveManager\\Domain\\Model\\File\\File\n\n\/home\/dev\/work\/DriveManager\/src\/Domain\/Model\/File\/File.php:27\n\/home\/dev\/work\/DriveManager\/tests\/unit\/Application\/Service\/DropFile\/DropFileApiVfs.php:31\n\/home\/dev\/work\/DriveManager\/src\/Application\/Service\/DropFile\/DropFile.php:27\n\/home\/dev\/work\/DriveManager\/tests\/unit\/Application\/Service\/DropFile\/DropFileTest.php:65\n\n4) DriveManager\\Tests\\Application\\Service\\DropFile\\DropFileTest::testDepositASimpleFile\nError: Call to protected method DriveManager\\Domain\\Model\\File\\FileContent::getContent() from scope DriveManager\\Domain\\Model\\File\\File\n\n\/home\/dev\/work\/DriveManager\/src\/Domain\/Model\/File\/File.php:27\n\/home\/dev\/work\/DriveManager\/tests\/unit\/Application\/Service\/DropFile\/DropFileApiVfs.php:31\n\/home\/dev\/work\/DriveManager\/src\/Application\/Service\/DropFile\/DropFile.php:27\n\/home\/dev\/work\/DriveManager\/tests\/unit\/Application\/Service\/DropFile\/DropFileTest.php:23\n\n5) DriveManager\\Tests\\Domain\\FileTest::testCreateFileFromAnExistingFile\nError: Call to protected method DriveManager\\Domain\\Model\\File\\FileContent::getContent() from scope DriveManager\\Domain\\Model\\File\\File\n\n\/home\/dev\/work\/DriveManager\/src\/Domain\/Model\/File\/File.php:27\n\/home\/dev\/work\/DriveManager\/tests\/unit\/Domain\/FileTest.php:21\n\n6) DriveManager\\Tests\\Domain\\FileContentTest::testCreateContent\nError: Call to protected method DriveManager\\Domain\\Model\\File\\FileContent::getContent() from scope DriveManager\\Tests\\Domain\\FileContentTest\n\n\/home\/dev\/work\/DriveManager\/tests\/unit\/Domain\/FileContentTest.php:13\n\n7) DriveManager\\Tests\\Domain\\FileContentTest::testCreateEmptyContent\nError: Call to protected method DriveManager\\Domain\\Model\\File\\FileContent::getContent() from scope DriveManager\\Tests\\Domain\\FileContentTest\n\n\/home\/dev\/work\/DriveManager\/tests\/unit\/Domain\/FileContentTest.php:19\n\n--\n\nThere was 1 failure:\n\n1) DriveManager\\Tests\\Infrastructure\\DriveProvider\\DropFileNextcloudTest::testDropFileFail\nFailed asserting that exception of type \"Error\" matches expected exception \"DriveManager\\Application\\Service\\DropFile\\Exceptions\\FailUploadingFileException\". Message was: \"Call to protected method DriveManager\\Domain\\Model\\File\\FileContent::getContent() from scope DriveManager\\Domain\\Model\\File\\File\" at\n\/home\/dev\/work\/DriveManager\/src\/Domain\/Model\/File\/File.php:27\n\/home\/dev\/work\/DriveManager\/src\/Infrastructure\/DriveProvider\/DropFileNextcloud.php:32\n\/home\/dev\/work\/DriveManager\/tests\/unit\/Infrastructure\/DriveProvider\/DropFileNextcloudTest.php:50\n.\n\nERRORS!\nTests: 15, Assertions: 11, Errors: 7, Failures: 1.","coveredBy":["700c9eb8fd6b978dc194d6b337bd1106","cf79af83d8d079523725050dd17e9b88","6b87ba6ed2f24bd4bc3be3c35437ce56","dcdf3770770ae6814995a42bc8f75a34","e2e3abe013fe94fbb23700ea903057f2","f587532994a2087fb33510f6757a1ce8","f17dfd3321c73cb8c2a8531ca41c64f3","e2dbf5f4be5d1423551df21e7999666f","bf4612de009320f1a9ec5e4ce84b6137","344871469e7a6d983df5663ebcc23175","67524a3d4cc3c11715f0ce54f28f336e"],"killedBy":["67524a3d4cc3c11715f0ce54f28f336e"],"testsCompleted":15}]},"Domain\/Model\/File\/FileId.php":{"language":"php","source":"<?php\n\nnamespace DriveManager\\Domain\\Model\\File;\n\nclass FileId\n{\n    public function __construct(private string $id = \"\")\n    {\n        if (empty($id)) {\n            $this->id =  uniqid(\"fil_\");\n        }\n    }\n\n    public function __toString(): string\n    {\n            return $this->id;\n    }\n\n    public function equals(FileId $fileId): bool\n    {\n        if ($this->id === $fileId->id) {\n            return true;\n        }\n        return false;\n    }\n}\n","mutants":[{"id":"c85d4171451a0d8c06dcde002d4b21b9","mutatorName":"PublicVisibility","replacement":"protected function equals(FileId $fileId): bool","description":"Replaces the `public` method visibility keyword with `protected`.","location":{"start":{"line":19,"column":5},"end":{"line":19,"column":49}},"status":"Killed","statusReason":"PHPUnit 11.1.1 by Sebastian Bergmann and contributors.\n\nRuntime:       PHP 8.3.4\nConfiguration: \/tmp\/infection\/phpunitConfiguration.c85d4171451a0d8c06dcde002d4b21b9.infection.xml\n\nEE.                                                                 3 \/ 3 (100%)\n\nTime: 00:00.011, Memory: 12.00 MB\n\nThere were 2 errors:\n\n1) DriveManager\\Tests\\Domain\\FileIdTest::testIdentify2\nError: Call to protected method DriveManager\\Domain\\Model\\File\\FileId::equals() from scope DriveManager\\Tests\\Domain\\FileIdTest\n\n\/home\/dev\/work\/DriveManager\/tests\/unit\/Domain\/FileIdTest.php:20\n\n2) DriveManager\\Tests\\Domain\\FileIdTest::testIdentify\nError: Call to protected method DriveManager\\Domain\\Model\\File\\FileId::equals() from scope DriveManager\\Tests\\Domain\\FileIdTest\n\n\/home\/dev\/work\/DriveManager\/tests\/unit\/Domain\/FileIdTest.php:14\n\nERRORS!\nTests: 3, Assertions: 1, Errors: 2.","coveredBy":["ba849059207d26017e6b448ea586c233","c65f7385b7bf1b282703c907b504af69"],"killedBy":["ba849059207d26017e6b448ea586c233"],"testsCompleted":3},{"id":"1d28cc8c8024c6d8b3869bf6bfa1d0aa","mutatorName":"Identical","replacement":"if ($this->id !== $fileId->id) {","description":"Replaces an identical operator (`===`) with its counterpart the not identical operator (`!==`).","location":{"start":{"line":21,"column":9},"end":{"line":21,"column":41}},"status":"Killed","statusReason":"PHPUnit 11.1.1 by Sebastian Bergmann and contributors.\n\nRuntime:       PHP 8.3.4\nConfiguration: \/tmp\/infection\/phpunitConfiguration.1d28cc8c8024c6d8b3869bf6bfa1d0aa.infection.xml\n\nF\n\nTime: 00:00.010, Memory: 12.00 MB\n\nThere was 1 failure:\n\n1) DriveManager\\Tests\\Domain\\FileIdTest::testIdentify\nFailed asserting that true is false.\n\n\/home\/dev\/work\/DriveManager\/tests\/unit\/Domain\/FileIdTest.php:14\n\nFAILURES!\nTests: 1, Assertions: 1, Failures: 1.","coveredBy":["ba849059207d26017e6b448ea586c233","c65f7385b7bf1b282703c907b504af69"],"killedBy":["c65f7385b7bf1b282703c907b504af69"],"testsCompleted":1},{"id":"c2d13af312f346d2575577d30ee88cf5","mutatorName":"TrueValue","replacement":"return false;","description":"Replaces a boolean literal (`true`) with its opposite value (`false`). ","location":{"start":{"line":22,"column":13},"end":{"line":22,"column":25}},"status":"Killed","statusReason":"PHPUnit 11.1.1 by Sebastian Bergmann and contributors.\n\nRuntime:       PHP 8.3.4\nConfiguration: \/tmp\/infection\/phpunitConfiguration.c2d13af312f346d2575577d30ee88cf5.infection.xml\n\n.F\n\nTime: 00:00.015, Memory: 12.00 MB\n\nThere was 1 failure:\n\n1) DriveManager\\Tests\\Domain\\FileIdTest::testIdentify2\nFailed asserting that false is true.\n\n\/home\/dev\/work\/DriveManager\/tests\/unit\/Domain\/FileIdTest.php:20\n\nFAILURES!\nTests: 2, Assertions: 2, Failures: 1.","coveredBy":["ba849059207d26017e6b448ea586c233"],"killedBy":["ba849059207d26017e6b448ea586c233"],"testsCompleted":2},{"id":"a5eacf00d111a77feba783d8756438ea","mutatorName":"FalseValue","replacement":"return true;","description":"Replaces a boolean literal (`false`) with its opposite value (`true`). ","location":{"start":{"line":24,"column":9},"end":{"line":24,"column":22}},"status":"Killed","statusReason":"PHPUnit 11.1.1 by Sebastian Bergmann and contributors.\n\nRuntime:       PHP 8.3.4\nConfiguration: \/tmp\/infection\/phpunitConfiguration.a5eacf00d111a77feba783d8756438ea.infection.xml\n\n..F                                                                 3 \/ 3 (100%)\n\nTime: 00:00.010, Memory: 12.00 MB\n\nThere was 1 failure:\n\n1) DriveManager\\Tests\\Domain\\FileIdTest::testIdentify\nFailed asserting that true is false.\n\n\/home\/dev\/work\/DriveManager\/tests\/unit\/Domain\/FileIdTest.php:14\n\nFAILURES!\nTests: 3, Assertions: 3, Failures: 1.","coveredBy":["c65f7385b7bf1b282703c907b504af69"],"killedBy":["c65f7385b7bf1b282703c907b504af69"],"testsCompleted":3}]},"Domain\/Model\/File\/FileName.php":{"language":"php","source":"<?php\n\nnamespace DriveManager\\Domain\\Model\\File;\n\nclass FileName\n{\n    public function __construct(private string $fileName)\n    {\n    }\n\n    public function getFileName(): string\n    {\n        return $this->fileName;\n    }\n}\n","mutants":[{"id":"bdb322d8be6ac3f5dfaa13fca406b177","mutatorName":"PublicVisibility","replacement":"protected function getFileName(): string","description":"Replaces the `public` method visibility keyword with `protected`.","location":{"start":{"line":11,"column":5},"end":{"line":11,"column":42}},"status":"Killed","statusReason":"PHPUnit 11.1.1 by Sebastian Bergmann and contributors.\n\nRuntime:       PHP 8.3.4\nConfiguration: \/tmp\/infection\/phpunitConfiguration.bdb322d8be6ac3f5dfaa13fca406b177.infection.xml\n\nEE....EEEE..E                                                     13 \/ 13 (100%)\n\nTime: 00:00.023, Memory: 12.00 MB\n\nThere were 7 errors:\n\n1) DriveManager\\Tests\\Infrastructure\\DriveProvider\\DropFileForFileSystemTest::testFileDoesntExiste\nError: Call to protected method DriveManager\\Domain\\Model\\File\\FileName::getFileName() from scope DriveManager\\Domain\\Model\\File\\File\n\n\/home\/dev\/work\/DriveManager\/src\/Domain\/Model\/File\/File.php:22\n\/home\/dev\/work\/DriveManager\/src\/Infrastructure\/DriveProvider\/DropFileForFileSystem.php:32\n\/home\/dev\/work\/DriveManager\/tests\/unit\/Infrastructure\/DriveProvider\/DropFileForFileSystemTest.php:49\n\n2) DriveManager\\Tests\\Infrastructure\\DriveProvider\\DropFileForFileSystemTest::testDropOneFile\nError: Call to protected method DriveManager\\Domain\\Model\\File\\FileName::getFileName() from scope DriveManager\\Domain\\Model\\File\\File\n\n\/home\/dev\/work\/DriveManager\/src\/Domain\/Model\/File\/File.php:22\n\/home\/dev\/work\/DriveManager\/src\/Infrastructure\/DriveProvider\/DropFileForFileSystem.php:26\n\/home\/dev\/work\/DriveManager\/tests\/unit\/Infrastructure\/DriveProvider\/DropFileForFileSystemTest.php:34\n\n3) DriveManager\\Tests\\Application\\Service\\DropFile\\DropFileTest::testDepositASimpleFile\nError: Call to protected method DriveManager\\Domain\\Model\\File\\FileName::getFileName() from scope DriveManager\\Domain\\Model\\File\\File\n\n\/home\/dev\/work\/DriveManager\/src\/Domain\/Model\/File\/File.php:22\n\/home\/dev\/work\/DriveManager\/tests\/unit\/Application\/Service\/DropFile\/DropFileApiVfs.php:30\n\/home\/dev\/work\/DriveManager\/src\/Application\/Service\/DropFile\/DropFile.php:27\n\/home\/dev\/work\/DriveManager\/tests\/unit\/Application\/Service\/DropFile\/DropFileTest.php:23\n\n4) DriveManager\\Tests\\Application\\Service\\DropFile\\DropFileTest::testCountFilesDeposit\nError: Call to protected method DriveManager\\Domain\\Model\\File\\FileName::getFileName() from scope DriveManager\\Domain\\Model\\File\\File\n\n\/home\/dev\/work\/DriveManager\/src\/Domain\/Model\/File\/File.php:22\n\/home\/dev\/work\/DriveManager\/tests\/unit\/Application\/Service\/DropFile\/DropFileApiVfs.php:30\n\/home\/dev\/work\/DriveManager\/src\/Application\/Service\/DropFile\/DropFile.php:27\n\/home\/dev\/work\/DriveManager\/tests\/unit\/Application\/Service\/DropFile\/DropFileTest.php:65\n\n5) DriveManager\\Tests\\Application\\Service\\DropFile\\DropFileTest::testDepositAFileWithComplexPath\nError: Call to protected method DriveManager\\Domain\\Model\\File\\FileName::getFileName() from scope DriveManager\\Domain\\Model\\File\\File\n\n\/home\/dev\/work\/DriveManager\/src\/Domain\/Model\/File\/File.php:22\n\/home\/dev\/work\/DriveManager\/tests\/unit\/Application\/Service\/DropFile\/DropFileApiVfs.php:30\n\/home\/dev\/work\/DriveManager\/src\/Application\/Service\/DropFile\/DropFile.php:27\n\/home\/dev\/work\/DriveManager\/tests\/unit\/Application\/Service\/DropFile\/DropFileTest.php:45\n\n6) DriveManager\\Tests\\Domain\\FileTest::testCreateFileFromAnExistingFile\nError: Call to protected method DriveManager\\Domain\\Model\\File\\FileName::getFileName() from scope DriveManager\\Domain\\Model\\File\\File\n\n\/home\/dev\/work\/DriveManager\/src\/Domain\/Model\/File\/File.php:22\n\/home\/dev\/work\/DriveManager\/tests\/unit\/Domain\/FileTest.php:20\n\n7) DriveManager\\Tests\\Domain\\FileNameTest::testCreateFileName\nError: Call to protected method DriveManager\\Domain\\Model\\File\\FileName::getFileName() from scope DriveManager\\Tests\\Domain\\FileNameTest\n\n\/home\/dev\/work\/DriveManager\/tests\/unit\/Domain\/FileNameTest.php:13\n\nERRORS!\nTests: 13, Assertions: 8, Errors: 7.","coveredBy":["6b87ba6ed2f24bd4bc3be3c35437ce56","e2dbf5f4be5d1423551df21e7999666f","bf4612de009320f1a9ec5e4ce84b6137","344871469e7a6d983df5663ebcc23175","3188d27faf0542c1df4f334b0e7a8883","67524a3d4cc3c11715f0ce54f28f336e","e076fc5c6c067bc3692f5298cd7d1184"],"killedBy":["3188d27faf0542c1df4f334b0e7a8883"],"testsCompleted":13}]},"Domain\/Model\/File\/Path.php":{"language":"php","source":"<?php\n\nnamespace DriveManager\\Domain\\Model\\File;\n\nuse DriveManager\\Application\\Service\\DropFile\\Exceptions\\IncompletePathException;\n\nclass Path\n{\n    private string $path;\n\n    public function __construct(string $path = '')\n    {\n        $this->validatePath($path);\n        $this->path = $path;\n    }\n\n    public function getPath(): string\n    {\n        return $this->path;\n    }\n\n    private function validatePath(string $path): void\n    {\n        if ($this->isNextCloudPath($path) && !$this->isCompletePath($path)) {\n            throw new IncompletePathException(\"NextCloud drive detect but seem incomplete. Please check path '$path'\");\n        }\n    }\n\n    private function isNextCloudPath(string $path): bool\n    {\n        return str_contains($path, 'owncloud') || str_contains($path, 'nextcloud');\n    }\n\n    private function isCompletePath(string $path): bool\n    {\n        return str_starts_with($path, 'https:\/\/') || str_starts_with($path, 'http:\/\/');\n    }\n\n    public function __toString(): string\n    {\n        return $this->path;\n    }\n}\n","mutants":[{"id":"0e10adc3d5f07bf886c9d9400f872266","mutatorName":"MethodCallRemoval","replacement":"","description":"Removes the method call.","location":{"start":{"line":13,"column":9},"end":{"line":13,"column":36}},"status":"Killed","statusReason":"PHPUnit 11.1.1 by Sebastian Bergmann and contributors.\n\nRuntime:       PHP 8.3.4\nConfiguration: \/tmp\/infection\/phpunitConfiguration.0e10adc3d5f07bf886c9d9400f872266.infection.xml\n\n.....................F\n\nTime: 00:00.779, Memory: 12.00 MB\n\nThere was 1 failure:\n\n1) DriveManager\\Tests\\Domain\\PathTest::testDetectIncompleteNextCloudPathException\nFailed asserting that exception of type \"DriveManager\\Application\\Service\\DropFile\\Exceptions\\IncompletePathException\" is thrown.\n\nFAILURES!\nTests: 22, Assertions: 33, Failures: 1.","coveredBy":["04b90d96c7fe427c43fa7d9cd7e0e728","9d692165916d891482073ea05e22baa3","6b87ba6ed2f24bd4bc3be3c35437ce56","dcdf3770770ae6814995a42bc8f75a34","e2e3abe013fe94fbb23700ea903057f2","f587532994a2087fb33510f6757a1ce8","101c103a5895f854f85578e81d50d169","67962a755c696325d98af3da8febeb62","f17dfd3321c73cb8c2a8531ca41c64f3","4e9345929cf3f1443608a1d710bcfd53","6852fb5ebb5a5412b0a8c5a3c429e4dd","0e5297c18ffae9efc2f98a63786d8184","6d6d98e79e7b349b18b1f7780389b444","e2dbf5f4be5d1423551df21e7999666f","bf4612de009320f1a9ec5e4ce84b6137","344871469e7a6d983df5663ebcc23175","3188d27faf0542c1df4f334b0e7a8883","e3a165ff08c432bcc1bff1eb343a4be0","67524a3d4cc3c11715f0ce54f28f336e","ae3e6c8669394ac8fa94f37859a9a124"],"killedBy":["4e9345929cf3f1443608a1d710bcfd53"],"testsCompleted":22},{"id":"39b2f3d46514ba3516fd880b03267f7e","mutatorName":"PublicVisibility","replacement":"protected function getPath(): string","description":"Replaces the `public` method visibility keyword with `protected`.","location":{"start":{"line":17,"column":5},"end":{"line":17,"column":38}},"status":"Killed","statusReason":"PHPUnit 11.1.1 by Sebastian Bergmann and contributors.\n\nRuntime:       PHP 8.3.4\nConfiguration: \/tmp\/infection\/phpunitConfiguration.39b2f3d46514ba3516fd880b03267f7e.infection.xml\n\nEE.E                                                                4 \/ 4 (100%)\n\nTime: 00:00.011, Memory: 12.00 MB\n\nThere were 3 errors:\n\n1) DriveManager\\Tests\\Domain\\PathTest::testPathWithLinuxStyle\nError: Call to protected method DriveManager\\Domain\\Model\\File\\Path::getPath() from scope DriveManager\\Tests\\Domain\\PathTest\n\n\/home\/dev\/work\/DriveManager\/tests\/unit\/Domain\/PathTest.php:14\n\n2) DriveManager\\Tests\\Domain\\PathTest::testPathWithNextCloudStyle\nError: Call to protected method DriveManager\\Domain\\Model\\File\\Path::getPath() from scope DriveManager\\Tests\\Domain\\PathTest\n\n\/home\/dev\/work\/DriveManager\/tests\/unit\/Domain\/PathTest.php:21\n\n3) DriveManager\\Tests\\Domain\\PathTest::testCorrectFileSystemButWithStrangeWord\nError: Call to protected method DriveManager\\Domain\\Model\\File\\Path::getPath() from scope DriveManager\\Tests\\Domain\\PathTest\n\n\/home\/dev\/work\/DriveManager\/tests\/unit\/Domain\/PathTest.php:35\n\nERRORS!\nTests: 4, Assertions: 2, Errors: 3.","coveredBy":["6852fb5ebb5a5412b0a8c5a3c429e4dd","0e5297c18ffae9efc2f98a63786d8184","6d6d98e79e7b349b18b1f7780389b444"],"killedBy":["6852fb5ebb5a5412b0a8c5a3c429e4dd"],"testsCompleted":4},{"id":"2e92afc072ccec5eaa9d3a127f3b1fa9","mutatorName":"LogicalNot","replacement":"if ($this->isNextCloudPath($path) && $this->isCompletePath($path)) {","description":"Removes a negation operator (`!`), e.g. transforms `!$foo` with `$foo`.","location":{"start":{"line":24,"column":9},"end":{"line":24,"column":78}},"status":"Killed","statusReason":"PHPUnit 11.1.1 by Sebastian Bergmann and contributors.\n\nRuntime:       PHP 8.3.4\nConfiguration: \/tmp\/infection\/phpunitConfiguration.2e92afc072ccec5eaa9d3a127f3b1fa9.infection.xml\n\n.E.F\n\nTime: 00:00.012, Memory: 12.00 MB\n\nThere was 1 error:\n\n1) DriveManager\\Tests\\Domain\\PathTest::testCorrectFileSystemButWithStrangeWord\nDriveManager\\Application\\Service\\DropFile\\Exceptions\\IncompletePathException: NextCloud drive detect but seem incomplete. Please check path 'http:\/\/owncloud\/nextcloud'\n\n\/home\/dev\/work\/DriveManager\/src\/Domain\/Model\/File\/Path.php:21\n\/home\/dev\/work\/DriveManager\/src\/Domain\/Model\/File\/Path.php:11\n\/home\/dev\/work\/DriveManager\/tests\/unit\/Domain\/PathTest.php:34\n\n--\n\nThere was 1 failure:\n\n1) DriveManager\\Tests\\Domain\\PathTest::testDetectIncompleteNextCloudPathException\nFailed asserting that exception of type \"DriveManager\\Application\\Service\\DropFile\\Exceptions\\IncompletePathException\" is thrown.\n\nERRORS!\nTests: 4, Assertions: 3, Errors: 1, Failures: 1.","coveredBy":["04b90d96c7fe427c43fa7d9cd7e0e728","9d692165916d891482073ea05e22baa3","6b87ba6ed2f24bd4bc3be3c35437ce56","dcdf3770770ae6814995a42bc8f75a34","e2e3abe013fe94fbb23700ea903057f2","f587532994a2087fb33510f6757a1ce8","101c103a5895f854f85578e81d50d169","67962a755c696325d98af3da8febeb62","f17dfd3321c73cb8c2a8531ca41c64f3","4e9345929cf3f1443608a1d710bcfd53","6852fb5ebb5a5412b0a8c5a3c429e4dd","0e5297c18ffae9efc2f98a63786d8184","6d6d98e79e7b349b18b1f7780389b444","e2dbf5f4be5d1423551df21e7999666f","bf4612de009320f1a9ec5e4ce84b6137","344871469e7a6d983df5663ebcc23175","3188d27faf0542c1df4f334b0e7a8883","e3a165ff08c432bcc1bff1eb343a4be0","67524a3d4cc3c11715f0ce54f28f336e","ae3e6c8669394ac8fa94f37859a9a124"],"killedBy":["6d6d98e79e7b349b18b1f7780389b444"],"testsCompleted":4},{"id":"b17d986c9c483b2d7248b91a36de86c7","mutatorName":"LogicalAnd","replacement":"if ($this->isNextCloudPath($path) || !$this->isCompletePath($path)) {","description":"Replaces an AND operator (`&&`) with an OR operator (`||`).","location":{"start":{"line":24,"column":9},"end":{"line":24,"column":78}},"status":"Killed","statusReason":"PHPUnit 11.1.1 by Sebastian Bergmann and contributors.\n\nRuntime:       PHP 8.3.4\nConfiguration: \/tmp\/infection\/phpunitConfiguration.b17d986c9c483b2d7248b91a36de86c7.infection.xml\n\nEEE.EEF\n\nTime: 00:00.017, Memory: 12.00 MB\n\nThere were 5 errors:\n\n1) DriveManager\\Tests\\Domain\\PathTest::testPathWithNextCloudStyle\nDriveManager\\Application\\Service\\DropFile\\Exceptions\\IncompletePathException: NextCloud drive detect but seem incomplete. Please check path '\/url\/test\/ApiNextcloud.txt'\n\n\/home\/dev\/work\/DriveManager\/src\/Domain\/Model\/File\/Path.php:21\n\/home\/dev\/work\/DriveManager\/src\/Domain\/Model\/File\/Path.php:11\n\/home\/dev\/work\/DriveManager\/tests\/unit\/Domain\/PathTest.php:20\n\n2) DriveManager\\Tests\\Domain\\PathTest::testCorrectFileSystemButWithStrangeWord\nDriveManager\\Application\\Service\\DropFile\\Exceptions\\IncompletePathException: NextCloud drive detect but seem incomplete. Please check path 'http:\/\/owncloud\/nextcloud'\n\n\/home\/dev\/work\/DriveManager\/src\/Domain\/Model\/File\/Path.php:21\n\/home\/dev\/work\/DriveManager\/src\/Domain\/Model\/File\/Path.php:11\n\/home\/dev\/work\/DriveManager\/tests\/unit\/Domain\/PathTest.php:34\n\n3) DriveManager\\Tests\\Domain\\PathTest::testPathWithLinuxStyle\nDriveManager\\Application\\Service\\DropFile\\Exceptions\\IncompletePathException: NextCloud drive detect but seem incomplete. Please check path '\/home\/dev'\n\n\/home\/dev\/work\/DriveManager\/src\/Domain\/Model\/File\/Path.php:21\n\/home\/dev\/work\/DriveManager\/src\/Domain\/Model\/File\/Path.php:11\n\/home\/dev\/work\/DriveManager\/tests\/unit\/Domain\/PathTest.php:13\n\n4) DriveManager\\Tests\\Infrastructure\\DriveProvider\\DropFileForFileSystemTest::testFileDoesntExiste\nDriveManager\\Application\\Service\\DropFile\\Exceptions\\IncompletePathException: NextCloud drive detect but seem incomplete. Please check path 'root\/unxistingFile.txt'\n\n\/home\/dev\/work\/DriveManager\/src\/Domain\/Model\/File\/Path.php:21\n\/home\/dev\/work\/DriveManager\/src\/Domain\/Model\/File\/Path.php:11\n\/home\/dev\/work\/DriveManager\/tests\/unit\/Infrastructure\/DriveProvider\/DropFileForFileSystemTest.php:46\n\n5) DriveManager\\Tests\\Infrastructure\\DriveProvider\\DropFileForFileSystemTest::testDropOneFile\nDriveManager\\Application\\Service\\DropFile\\Exceptions\\IncompletePathException: NextCloud drive detect but seem incomplete. Please check path ''\n\n\/home\/dev\/work\/DriveManager\/src\/Domain\/Model\/File\/Path.php:21\n\/home\/dev\/work\/DriveManager\/src\/Domain\/Model\/File\/Path.php:11\n\/home\/dev\/work\/DriveManager\/tests\/unit\/Infrastructure\/DriveProvider\/DropFileForFileSystemTest.php:33\n\n--\n\nThere was 1 failure:\n\n1) DriveManager\\Tests\\Infrastructure\\DriveProvider\\DropFileForFileSystemTest::testThrowExceptionRepositoryDoesntExiste\nFailed asserting that exception of type \"DriveManager\\Application\\Service\\DropFile\\Exceptions\\IncompletePathException\" matches expected exception \"DriveManager\\Application\\Service\\DropFile\\Exceptions\\RepositoryDoesNotExistException\". Message was: \"NextCloud drive detect but seem incomplete. Please check path 'nonexistentDir\/'\" at\n\/home\/dev\/work\/DriveManager\/src\/Domain\/Model\/File\/Path.php:21\n\/home\/dev\/work\/DriveManager\/src\/Domain\/Model\/File\/Path.php:11\n\/home\/dev\/work\/DriveManager\/tests\/unit\/Infrastructure\/DriveProvider\/DropFileForFileSystemTest.php:58\n.\n\nERRORS!\nTests: 7, Assertions: 3, Errors: 5, Failures: 1.","coveredBy":["04b90d96c7fe427c43fa7d9cd7e0e728","9d692165916d891482073ea05e22baa3","6b87ba6ed2f24bd4bc3be3c35437ce56","dcdf3770770ae6814995a42bc8f75a34","e2e3abe013fe94fbb23700ea903057f2","f587532994a2087fb33510f6757a1ce8","101c103a5895f854f85578e81d50d169","67962a755c696325d98af3da8febeb62","f17dfd3321c73cb8c2a8531ca41c64f3","4e9345929cf3f1443608a1d710bcfd53","6852fb5ebb5a5412b0a8c5a3c429e4dd","0e5297c18ffae9efc2f98a63786d8184","6d6d98e79e7b349b18b1f7780389b444","e2dbf5f4be5d1423551df21e7999666f","bf4612de009320f1a9ec5e4ce84b6137","344871469e7a6d983df5663ebcc23175","3188d27faf0542c1df4f334b0e7a8883","e3a165ff08c432bcc1bff1eb343a4be0","67524a3d4cc3c11715f0ce54f28f336e","ae3e6c8669394ac8fa94f37859a9a124"],"killedBy":["0e5297c18ffae9efc2f98a63786d8184"],"testsCompleted":7},{"id":"bdd64b0043ac5995db43e91c3676270b","mutatorName":"LogicalAndAllSubExprNegation","replacement":"if (!$this->isNextCloudPath($path) && $this->isCompletePath($path)) {","description":"Negates all sub-expressions of an AND expression (`&&`).","location":{"start":{"line":24,"column":9},"end":{"line":24,"column":78}},"status":"Killed","statusReason":"PHPUnit 11.1.1 by Sebastian Bergmann and contributors.\n\nRuntime:       PHP 8.3.4\nConfiguration: \/tmp\/infection\/phpunitConfiguration.bdd64b0043ac5995db43e91c3676270b.infection.xml\n\n...F\n\nTime: 00:00.011, Memory: 12.00 MB\n\nThere was 1 failure:\n\n1) DriveManager\\Tests\\Domain\\PathTest::testDetectIncompleteNextCloudPathException\nFailed asserting that exception of type \"DriveManager\\Application\\Service\\DropFile\\Exceptions\\IncompletePathException\" is thrown.\n\nFAILURES!\nTests: 4, Assertions: 4, Failures: 1.","coveredBy":["04b90d96c7fe427c43fa7d9cd7e0e728","9d692165916d891482073ea05e22baa3","6b87ba6ed2f24bd4bc3be3c35437ce56","dcdf3770770ae6814995a42bc8f75a34","e2e3abe013fe94fbb23700ea903057f2","f587532994a2087fb33510f6757a1ce8","101c103a5895f854f85578e81d50d169","67962a755c696325d98af3da8febeb62","f17dfd3321c73cb8c2a8531ca41c64f3","4e9345929cf3f1443608a1d710bcfd53","6852fb5ebb5a5412b0a8c5a3c429e4dd","0e5297c18ffae9efc2f98a63786d8184","6d6d98e79e7b349b18b1f7780389b444","e2dbf5f4be5d1423551df21e7999666f","bf4612de009320f1a9ec5e4ce84b6137","344871469e7a6d983df5663ebcc23175","3188d27faf0542c1df4f334b0e7a8883","e3a165ff08c432bcc1bff1eb343a4be0","67524a3d4cc3c11715f0ce54f28f336e","ae3e6c8669394ac8fa94f37859a9a124"],"killedBy":["4e9345929cf3f1443608a1d710bcfd53"],"testsCompleted":4},{"id":"433b762e892b19ea5a53b639436dbfe6","mutatorName":"LogicalAndNegation","replacement":"if (!($this->isNextCloudPath($path) && !$this->isCompletePath($path))) {","description":"Negates a whole AND expression (`&&`).","location":{"start":{"line":24,"column":9},"end":{"line":24,"column":78}},"status":"Killed","statusReason":"PHPUnit 11.1.1 by Sebastian Bergmann and contributors.\n\nRuntime:       PHP 8.3.4\nConfiguration: \/tmp\/infection\/phpunitConfiguration.433b762e892b19ea5a53b639436dbfe6.infection.xml\n\nEEEF\n\nTime: 00:00.012, Memory: 12.00 MB\n\nThere were 3 errors:\n\n1) DriveManager\\Tests\\Domain\\PathTest::testPathWithNextCloudStyle\nDriveManager\\Application\\Service\\DropFile\\Exceptions\\IncompletePathException: NextCloud drive detect but seem incomplete. Please check path '\/url\/test\/ApiNextcloud.txt'\n\n\/home\/dev\/work\/DriveManager\/src\/Domain\/Model\/File\/Path.php:21\n\/home\/dev\/work\/DriveManager\/src\/Domain\/Model\/File\/Path.php:11\n\/home\/dev\/work\/DriveManager\/tests\/unit\/Domain\/PathTest.php:20\n\n2) DriveManager\\Tests\\Domain\\PathTest::testCorrectFileSystemButWithStrangeWord\nDriveManager\\Application\\Service\\DropFile\\Exceptions\\IncompletePathException: NextCloud drive detect but seem incomplete. Please check path 'http:\/\/owncloud\/nextcloud'\n\n\/home\/dev\/work\/DriveManager\/src\/Domain\/Model\/File\/Path.php:21\n\/home\/dev\/work\/DriveManager\/src\/Domain\/Model\/File\/Path.php:11\n\/home\/dev\/work\/DriveManager\/tests\/unit\/Domain\/PathTest.php:34\n\n3) DriveManager\\Tests\\Domain\\PathTest::testPathWithLinuxStyle\nDriveManager\\Application\\Service\\DropFile\\Exceptions\\IncompletePathException: NextCloud drive detect but seem incomplete. Please check path '\/home\/dev'\n\n\/home\/dev\/work\/DriveManager\/src\/Domain\/Model\/File\/Path.php:21\n\/home\/dev\/work\/DriveManager\/src\/Domain\/Model\/File\/Path.php:11\n\/home\/dev\/work\/DriveManager\/tests\/unit\/Domain\/PathTest.php:13\n\n--\n\nThere was 1 failure:\n\n1) DriveManager\\Tests\\Domain\\PathTest::testDetectIncompleteNextCloudPathException\nFailed asserting that exception of type \"DriveManager\\Application\\Service\\DropFile\\Exceptions\\IncompletePathException\" is thrown.\n\nERRORS!\nTests: 4, Assertions: 1, Errors: 3, Failures: 1.","coveredBy":["04b90d96c7fe427c43fa7d9cd7e0e728","9d692165916d891482073ea05e22baa3","6b87ba6ed2f24bd4bc3be3c35437ce56","dcdf3770770ae6814995a42bc8f75a34","e2e3abe013fe94fbb23700ea903057f2","f587532994a2087fb33510f6757a1ce8","101c103a5895f854f85578e81d50d169","67962a755c696325d98af3da8febeb62","f17dfd3321c73cb8c2a8531ca41c64f3","4e9345929cf3f1443608a1d710bcfd53","6852fb5ebb5a5412b0a8c5a3c429e4dd","0e5297c18ffae9efc2f98a63786d8184","6d6d98e79e7b349b18b1f7780389b444","e2dbf5f4be5d1423551df21e7999666f","bf4612de009320f1a9ec5e4ce84b6137","344871469e7a6d983df5663ebcc23175","3188d27faf0542c1df4f334b0e7a8883","e3a165ff08c432bcc1bff1eb343a4be0","67524a3d4cc3c11715f0ce54f28f336e","ae3e6c8669394ac8fa94f37859a9a124"],"killedBy":["0e5297c18ffae9efc2f98a63786d8184"],"testsCompleted":4},{"id":"79aca6b6aa7fa1dde6d9d4f922bdb6a8","mutatorName":"LogicalAndSingleSubExprNegation","replacement":"if (!$this->isNextCloudPath($path) && !$this->isCompletePath($path)) {","description":"Negates all sub-expressions separately in AND (`&&`).","location":{"start":{"line":24,"column":9},"end":{"line":24,"column":78}},"status":"Killed","statusReason":"PHPUnit 11.1.1 by Sebastian Bergmann and contributors.\n\nRuntime:       PHP 8.3.4\nConfiguration: \/tmp\/infection\/phpunitConfiguration.79aca6b6aa7fa1dde6d9d4f922bdb6a8.infection.xml\n\nE.EF\n\nTime: 00:00.013, Memory: 12.00 MB\n\nThere were 2 errors:\n\n1) DriveManager\\Tests\\Domain\\PathTest::testPathWithNextCloudStyle\nDriveManager\\Application\\Service\\DropFile\\Exceptions\\IncompletePathException: NextCloud drive detect but seem incomplete. Please check path '\/url\/test\/ApiNextcloud.txt'\n\n\/home\/dev\/work\/DriveManager\/src\/Domain\/Model\/File\/Path.php:21\n\/home\/dev\/work\/DriveManager\/src\/Domain\/Model\/File\/Path.php:11\n\/home\/dev\/work\/DriveManager\/tests\/unit\/Domain\/PathTest.php:20\n\n2) DriveManager\\Tests\\Domain\\PathTest::testPathWithLinuxStyle\nDriveManager\\Application\\Service\\DropFile\\Exceptions\\IncompletePathException: NextCloud drive detect but seem incomplete. Please check path '\/home\/dev'\n\n\/home\/dev\/work\/DriveManager\/src\/Domain\/Model\/File\/Path.php:21\n\/home\/dev\/work\/DriveManager\/src\/Domain\/Model\/File\/Path.php:11\n\/home\/dev\/work\/DriveManager\/tests\/unit\/Domain\/PathTest.php:13\n\n--\n\nThere was 1 failure:\n\n1) DriveManager\\Tests\\Domain\\PathTest::testDetectIncompleteNextCloudPathException\nFailed asserting that exception of type \"DriveManager\\Application\\Service\\DropFile\\Exceptions\\IncompletePathException\" is thrown.\n\nERRORS!\nTests: 4, Assertions: 2, Errors: 2, Failures: 1.","coveredBy":["04b90d96c7fe427c43fa7d9cd7e0e728","9d692165916d891482073ea05e22baa3","6b87ba6ed2f24bd4bc3be3c35437ce56","dcdf3770770ae6814995a42bc8f75a34","e2e3abe013fe94fbb23700ea903057f2","f587532994a2087fb33510f6757a1ce8","101c103a5895f854f85578e81d50d169","67962a755c696325d98af3da8febeb62","f17dfd3321c73cb8c2a8531ca41c64f3","4e9345929cf3f1443608a1d710bcfd53","6852fb5ebb5a5412b0a8c5a3c429e4dd","0e5297c18ffae9efc2f98a63786d8184","6d6d98e79e7b349b18b1f7780389b444","e2dbf5f4be5d1423551df21e7999666f","bf4612de009320f1a9ec5e4ce84b6137","344871469e7a6d983df5663ebcc23175","3188d27faf0542c1df4f334b0e7a8883","e3a165ff08c432bcc1bff1eb343a4be0","67524a3d4cc3c11715f0ce54f28f336e","ae3e6c8669394ac8fa94f37859a9a124"],"killedBy":["0e5297c18ffae9efc2f98a63786d8184"],"testsCompleted":4},{"id":"9d4e30fa683c2c7c0189352724c09e98","mutatorName":"Throw_","replacement":"new IncompletePathException(\"NextCloud drive detect but seem incomplete. Please check path '{$path}'\");","description":"Removes a throw statement (`throw`). For example:\n\n```php\nthrow new Exception();\n```\n\nWill be mutated to:\n\n```php\nnew Exception();\n```\n","location":{"start":{"line":25,"column":13},"end":{"line":25,"column":120}},"status":"Killed","statusReason":"PHPUnit 11.1.1 by Sebastian Bergmann and contributors.\n\nRuntime:       PHP 8.3.4\nConfiguration: \/tmp\/infection\/phpunitConfiguration.9d4e30fa683c2c7c0189352724c09e98.infection.xml\n\n...F                                                                4 \/ 4 (100%)\n\nTime: 00:00.011, Memory: 12.00 MB\n\nThere was 1 failure:\n\n1) DriveManager\\Tests\\Domain\\PathTest::testDetectIncompleteNextCloudPathException\nFailed asserting that exception of type \"DriveManager\\Application\\Service\\DropFile\\Exceptions\\IncompletePathException\" is thrown.\n\nFAILURES!\nTests: 4, Assertions: 4, Failures: 1.","coveredBy":["4e9345929cf3f1443608a1d710bcfd53"],"killedBy":["4e9345929cf3f1443608a1d710bcfd53"],"testsCompleted":4},{"id":"911fe0a9a53b0e30dd54a9b37f1c6585","mutatorName":"LogicalOr","replacement":"return str_contains($path, 'owncloud') && str_contains($path, 'nextcloud');","description":"Replaces an OR operator (`||`) with an AND operator (`&&`).","location":{"start":{"line":31,"column":9},"end":{"line":31,"column":84}},"status":"Killed","statusReason":"PHPUnit 11.1.1 by Sebastian Bergmann and contributors.\n\nRuntime:       PHP 8.3.4\nConfiguration: \/tmp\/infection\/phpunitConfiguration.911fe0a9a53b0e30dd54a9b37f1c6585.infection.xml\n\n...F\n\nTime: 00:00.011, Memory: 12.00 MB\n\nThere was 1 failure:\n\n1) DriveManager\\Tests\\Domain\\PathTest::testDetectIncompleteNextCloudPathException\nFailed asserting that exception of type \"DriveManager\\Application\\Service\\DropFile\\Exceptions\\IncompletePathException\" is thrown.\n\nFAILURES!\nTests: 4, Assertions: 4, Failures: 1.","coveredBy":["04b90d96c7fe427c43fa7d9cd7e0e728","9d692165916d891482073ea05e22baa3","6b87ba6ed2f24bd4bc3be3c35437ce56","dcdf3770770ae6814995a42bc8f75a34","e2e3abe013fe94fbb23700ea903057f2","f587532994a2087fb33510f6757a1ce8","101c103a5895f854f85578e81d50d169","67962a755c696325d98af3da8febeb62","f17dfd3321c73cb8c2a8531ca41c64f3","4e9345929cf3f1443608a1d710bcfd53","6852fb5ebb5a5412b0a8c5a3c429e4dd","0e5297c18ffae9efc2f98a63786d8184","6d6d98e79e7b349b18b1f7780389b444","e2dbf5f4be5d1423551df21e7999666f","bf4612de009320f1a9ec5e4ce84b6137","344871469e7a6d983df5663ebcc23175","3188d27faf0542c1df4f334b0e7a8883","e3a165ff08c432bcc1bff1eb343a4be0","67524a3d4cc3c11715f0ce54f28f336e","ae3e6c8669394ac8fa94f37859a9a124"],"killedBy":["4e9345929cf3f1443608a1d710bcfd53"],"testsCompleted":4},{"id":"59338823ca3c49fbf5209c75678eb4d8","mutatorName":"LogicalOrAllSubExprNegation","replacement":"return !str_contains($path, 'owncloud') || !str_contains($path, 'nextcloud');","description":"Negates all sub-expressions at once in OR (`||`).","location":{"start":{"line":31,"column":9},"end":{"line":31,"column":84}},"status":"Killed","statusReason":"PHPUnit 11.1.1 by Sebastian Bergmann and contributors.\n\nRuntime:       PHP 8.3.4\nConfiguration: \/tmp\/infection\/phpunitConfiguration.59338823ca3c49fbf5209c75678eb4d8.infection.xml\n\nE.E.EEF\n\nTime: 00:00.017, Memory: 12.00 MB\n\nThere were 4 errors:\n\n1) DriveManager\\Tests\\Domain\\PathTest::testPathWithNextCloudStyle\nDriveManager\\Application\\Service\\DropFile\\Exceptions\\IncompletePathException: NextCloud drive detect but seem incomplete. Please check path '\/url\/test\/ApiNextcloud.txt'\n\n\/home\/dev\/work\/DriveManager\/src\/Domain\/Model\/File\/Path.php:21\n\/home\/dev\/work\/DriveManager\/src\/Domain\/Model\/File\/Path.php:11\n\/home\/dev\/work\/DriveManager\/tests\/unit\/Domain\/PathTest.php:20\n\n2) DriveManager\\Tests\\Domain\\PathTest::testPathWithLinuxStyle\nDriveManager\\Application\\Service\\DropFile\\Exceptions\\IncompletePathException: NextCloud drive detect but seem incomplete. Please check path '\/home\/dev'\n\n\/home\/dev\/work\/DriveManager\/src\/Domain\/Model\/File\/Path.php:21\n\/home\/dev\/work\/DriveManager\/src\/Domain\/Model\/File\/Path.php:11\n\/home\/dev\/work\/DriveManager\/tests\/unit\/Domain\/PathTest.php:13\n\n3) DriveManager\\Tests\\Infrastructure\\DriveProvider\\DropFileForFileSystemTest::testDropOneFile\nDriveManager\\Application\\Service\\DropFile\\Exceptions\\IncompletePathException: NextCloud drive detect but seem incomplete. Please check path ''\n\n\/home\/dev\/work\/DriveManager\/src\/Domain\/Model\/File\/Path.php:21\n\/home\/dev\/work\/DriveManager\/src\/Domain\/Model\/File\/Path.php:11\n\/home\/dev\/work\/DriveManager\/tests\/unit\/Infrastructure\/DriveProvider\/DropFileForFileSystemTest.php:33\n\n4) DriveManager\\Tests\\Infrastructure\\DriveProvider\\DropFileForFileSystemTest::testFileDoesntExiste\nDriveManager\\Application\\Service\\DropFile\\Exceptions\\IncompletePathException: NextCloud drive detect but seem incomplete. Please check path 'root\/unxistingFile.txt'\n\n\/home\/dev\/work\/DriveManager\/src\/Domain\/Model\/File\/Path.php:21\n\/home\/dev\/work\/DriveManager\/src\/Domain\/Model\/File\/Path.php:11\n\/home\/dev\/work\/DriveManager\/tests\/unit\/Infrastructure\/DriveProvider\/DropFileForFileSystemTest.php:46\n\n--\n\nThere was 1 failure:\n\n1) DriveManager\\Tests\\Infrastructure\\DriveProvider\\DropFileForFileSystemTest::testThrowExceptionRepositoryDoesntExiste\nFailed asserting that exception of type \"DriveManager\\Application\\Service\\DropFile\\Exceptions\\IncompletePathException\" matches expected exception \"DriveManager\\Application\\Service\\DropFile\\Exceptions\\RepositoryDoesNotExistException\". Message was: \"NextCloud drive detect but seem incomplete. Please check path 'nonexistentDir\/'\" at\n\/home\/dev\/work\/DriveManager\/src\/Domain\/Model\/File\/Path.php:21\n\/home\/dev\/work\/DriveManager\/src\/Domain\/Model\/File\/Path.php:11\n\/home\/dev\/work\/DriveManager\/tests\/unit\/Infrastructure\/DriveProvider\/DropFileForFileSystemTest.php:58\n.\n\nERRORS!\nTests: 7, Assertions: 4, Errors: 4, Failures: 1.","coveredBy":["04b90d96c7fe427c43fa7d9cd7e0e728","9d692165916d891482073ea05e22baa3","6b87ba6ed2f24bd4bc3be3c35437ce56","dcdf3770770ae6814995a42bc8f75a34","e2e3abe013fe94fbb23700ea903057f2","f587532994a2087fb33510f6757a1ce8","101c103a5895f854f85578e81d50d169","67962a755c696325d98af3da8febeb62","f17dfd3321c73cb8c2a8531ca41c64f3","4e9345929cf3f1443608a1d710bcfd53","6852fb5ebb5a5412b0a8c5a3c429e4dd","0e5297c18ffae9efc2f98a63786d8184","6d6d98e79e7b349b18b1f7780389b444","e2dbf5f4be5d1423551df21e7999666f","bf4612de009320f1a9ec5e4ce84b6137","344871469e7a6d983df5663ebcc23175","3188d27faf0542c1df4f334b0e7a8883","e3a165ff08c432bcc1bff1eb343a4be0","67524a3d4cc3c11715f0ce54f28f336e","ae3e6c8669394ac8fa94f37859a9a124"],"killedBy":["0e5297c18ffae9efc2f98a63786d8184"],"testsCompleted":7},{"id":"794d4959d8808559bc1c22f72e3eb7e3","mutatorName":"LogicalOrNegation","replacement":"return !(str_contains($path, 'owncloud') || str_contains($path, 'nextcloud'));","description":"Negates a whole OR expression (`||`).","location":{"start":{"line":31,"column":9},"end":{"line":31,"column":84}},"status":"Killed","statusReason":"PHPUnit 11.1.1 by Sebastian Bergmann and contributors.\n\nRuntime:       PHP 8.3.4\nConfiguration: \/tmp\/infection\/phpunitConfiguration.794d4959d8808559bc1c22f72e3eb7e3.infection.xml\n\nE.EF\n\nTime: 00:00.012, Memory: 12.00 MB\n\nThere were 2 errors:\n\n1) DriveManager\\Tests\\Domain\\PathTest::testPathWithLinuxStyle\nDriveManager\\Application\\Service\\DropFile\\Exceptions\\IncompletePathException: NextCloud drive detect but seem incomplete. Please check path '\/home\/dev'\n\n\/home\/dev\/work\/DriveManager\/src\/Domain\/Model\/File\/Path.php:21\n\/home\/dev\/work\/DriveManager\/src\/Domain\/Model\/File\/Path.php:11\n\/home\/dev\/work\/DriveManager\/tests\/unit\/Domain\/PathTest.php:13\n\n2) DriveManager\\Tests\\Domain\\PathTest::testPathWithNextCloudStyle\nDriveManager\\Application\\Service\\DropFile\\Exceptions\\IncompletePathException: NextCloud drive detect but seem incomplete. Please check path '\/url\/test\/ApiNextcloud.txt'\n\n\/home\/dev\/work\/DriveManager\/src\/Domain\/Model\/File\/Path.php:21\n\/home\/dev\/work\/DriveManager\/src\/Domain\/Model\/File\/Path.php:11\n\/home\/dev\/work\/DriveManager\/tests\/unit\/Domain\/PathTest.php:20\n\n--\n\nThere was 1 failure:\n\n1) DriveManager\\Tests\\Domain\\PathTest::testDetectIncompleteNextCloudPathException\nFailed asserting that exception of type \"DriveManager\\Application\\Service\\DropFile\\Exceptions\\IncompletePathException\" is thrown.\n\nERRORS!\nTests: 4, Assertions: 2, Errors: 2, Failures: 1.","coveredBy":["04b90d96c7fe427c43fa7d9cd7e0e728","9d692165916d891482073ea05e22baa3","6b87ba6ed2f24bd4bc3be3c35437ce56","dcdf3770770ae6814995a42bc8f75a34","e2e3abe013fe94fbb23700ea903057f2","f587532994a2087fb33510f6757a1ce8","101c103a5895f854f85578e81d50d169","67962a755c696325d98af3da8febeb62","f17dfd3321c73cb8c2a8531ca41c64f3","4e9345929cf3f1443608a1d710bcfd53","6852fb5ebb5a5412b0a8c5a3c429e4dd","0e5297c18ffae9efc2f98a63786d8184","6d6d98e79e7b349b18b1f7780389b444","e2dbf5f4be5d1423551df21e7999666f","bf4612de009320f1a9ec5e4ce84b6137","344871469e7a6d983df5663ebcc23175","3188d27faf0542c1df4f334b0e7a8883","e3a165ff08c432bcc1bff1eb343a4be0","67524a3d4cc3c11715f0ce54f28f336e","ae3e6c8669394ac8fa94f37859a9a124"],"killedBy":["6852fb5ebb5a5412b0a8c5a3c429e4dd"],"testsCompleted":4},{"id":"f5b5b0156c2a40133625ef60095e5873","mutatorName":"LogicalOrSingleSubExprNegation","replacement":"return !str_contains($path, 'owncloud') || str_contains($path, 'nextcloud');","description":"Negates all sub-expressions separately in OR (`||`).","location":{"start":{"line":31,"column":9},"end":{"line":31,"column":84}},"status":"Killed","statusReason":"PHPUnit 11.1.1 by Sebastian Bergmann and contributors.\n\nRuntime:       PHP 8.3.4\nConfiguration: \/tmp\/infection\/phpunitConfiguration.f5b5b0156c2a40133625ef60095e5873.infection.xml\n\nE.EF\n\nTime: 00:00.013, Memory: 12.00 MB\n\nThere were 2 errors:\n\n1) DriveManager\\Tests\\Domain\\PathTest::testPathWithNextCloudStyle\nDriveManager\\Application\\Service\\DropFile\\Exceptions\\IncompletePathException: NextCloud drive detect but seem incomplete. Please check path '\/url\/test\/ApiNextcloud.txt'\n\n\/home\/dev\/work\/DriveManager\/src\/Domain\/Model\/File\/Path.php:21\n\/home\/dev\/work\/DriveManager\/src\/Domain\/Model\/File\/Path.php:11\n\/home\/dev\/work\/DriveManager\/tests\/unit\/Domain\/PathTest.php:20\n\n2) DriveManager\\Tests\\Domain\\PathTest::testPathWithLinuxStyle\nDriveManager\\Application\\Service\\DropFile\\Exceptions\\IncompletePathException: NextCloud drive detect but seem incomplete. Please check path '\/home\/dev'\n\n\/home\/dev\/work\/DriveManager\/src\/Domain\/Model\/File\/Path.php:21\n\/home\/dev\/work\/DriveManager\/src\/Domain\/Model\/File\/Path.php:11\n\/home\/dev\/work\/DriveManager\/tests\/unit\/Domain\/PathTest.php:13\n\n--\n\nThere was 1 failure:\n\n1) DriveManager\\Tests\\Domain\\PathTest::testDetectIncompleteNextCloudPathException\nFailed asserting that exception of type \"DriveManager\\Application\\Service\\DropFile\\Exceptions\\IncompletePathException\" is thrown.\n\nERRORS!\nTests: 4, Assertions: 2, Errors: 2, Failures: 1.","coveredBy":["04b90d96c7fe427c43fa7d9cd7e0e728","9d692165916d891482073ea05e22baa3","6b87ba6ed2f24bd4bc3be3c35437ce56","dcdf3770770ae6814995a42bc8f75a34","e2e3abe013fe94fbb23700ea903057f2","f587532994a2087fb33510f6757a1ce8","101c103a5895f854f85578e81d50d169","67962a755c696325d98af3da8febeb62","f17dfd3321c73cb8c2a8531ca41c64f3","4e9345929cf3f1443608a1d710bcfd53","6852fb5ebb5a5412b0a8c5a3c429e4dd","0e5297c18ffae9efc2f98a63786d8184","6d6d98e79e7b349b18b1f7780389b444","e2dbf5f4be5d1423551df21e7999666f","bf4612de009320f1a9ec5e4ce84b6137","344871469e7a6d983df5663ebcc23175","3188d27faf0542c1df4f334b0e7a8883","e3a165ff08c432bcc1bff1eb343a4be0","67524a3d4cc3c11715f0ce54f28f336e","ae3e6c8669394ac8fa94f37859a9a124"],"killedBy":["0e5297c18ffae9efc2f98a63786d8184"],"testsCompleted":4},{"id":"59942865d3a73ad22f423fe562b86a52","mutatorName":"LogicalOrSingleSubExprNegation","replacement":"return str_contains($path, 'owncloud') || !str_contains($path, 'nextcloud');","description":"Negates all sub-expressions separately in OR (`||`).","location":{"start":{"line":31,"column":9},"end":{"line":31,"column":84}},"status":"Killed","statusReason":"PHPUnit 11.1.1 by Sebastian Bergmann and contributors.\n\nRuntime:       PHP 8.3.4\nConfiguration: \/tmp\/infection\/phpunitConfiguration.59942865d3a73ad22f423fe562b86a52.infection.xml\n\nE.E.EEF\n\nTime: 00:00.016, Memory: 12.00 MB\n\nThere were 4 errors:\n\n1) DriveManager\\Tests\\Domain\\PathTest::testPathWithNextCloudStyle\nDriveManager\\Application\\Service\\DropFile\\Exceptions\\IncompletePathException: NextCloud drive detect but seem incomplete. Please check path '\/url\/test\/ApiNextcloud.txt'\n\n\/home\/dev\/work\/DriveManager\/src\/Domain\/Model\/File\/Path.php:21\n\/home\/dev\/work\/DriveManager\/src\/Domain\/Model\/File\/Path.php:11\n\/home\/dev\/work\/DriveManager\/tests\/unit\/Domain\/PathTest.php:20\n\n2) DriveManager\\Tests\\Domain\\PathTest::testPathWithLinuxStyle\nDriveManager\\Application\\Service\\DropFile\\Exceptions\\IncompletePathException: NextCloud drive detect but seem incomplete. Please check path '\/home\/dev'\n\n\/home\/dev\/work\/DriveManager\/src\/Domain\/Model\/File\/Path.php:21\n\/home\/dev\/work\/DriveManager\/src\/Domain\/Model\/File\/Path.php:11\n\/home\/dev\/work\/DriveManager\/tests\/unit\/Domain\/PathTest.php:13\n\n3) DriveManager\\Tests\\Infrastructure\\DriveProvider\\DropFileForFileSystemTest::testFileDoesntExiste\nDriveManager\\Application\\Service\\DropFile\\Exceptions\\IncompletePathException: NextCloud drive detect but seem incomplete. Please check path 'root\/unxistingFile.txt'\n\n\/home\/dev\/work\/DriveManager\/src\/Domain\/Model\/File\/Path.php:21\n\/home\/dev\/work\/DriveManager\/src\/Domain\/Model\/File\/Path.php:11\n\/home\/dev\/work\/DriveManager\/tests\/unit\/Infrastructure\/DriveProvider\/DropFileForFileSystemTest.php:46\n\n4) DriveManager\\Tests\\Infrastructure\\DriveProvider\\DropFileForFileSystemTest::testDropOneFile\nDriveManager\\Application\\Service\\DropFile\\Exceptions\\IncompletePathException: NextCloud drive detect but seem incomplete. Please check path ''\n\n\/home\/dev\/work\/DriveManager\/src\/Domain\/Model\/File\/Path.php:21\n\/home\/dev\/work\/DriveManager\/src\/Domain\/Model\/File\/Path.php:11\n\/home\/dev\/work\/DriveManager\/tests\/unit\/Infrastructure\/DriveProvider\/DropFileForFileSystemTest.php:33\n\n--\n\nThere was 1 failure:\n\n1) DriveManager\\Tests\\Infrastructure\\DriveProvider\\DropFileForFileSystemTest::testThrowExceptionRepositoryDoesntExiste\nFailed asserting that exception of type \"DriveManager\\Application\\Service\\DropFile\\Exceptions\\IncompletePathException\" matches expected exception \"DriveManager\\Application\\Service\\DropFile\\Exceptions\\RepositoryDoesNotExistException\". Message was: \"NextCloud drive detect but seem incomplete. Please check path 'nonexistentDir\/'\" at\n\/home\/dev\/work\/DriveManager\/src\/Domain\/Model\/File\/Path.php:21\n\/home\/dev\/work\/DriveManager\/src\/Domain\/Model\/File\/Path.php:11\n\/home\/dev\/work\/DriveManager\/tests\/unit\/Infrastructure\/DriveProvider\/DropFileForFileSystemTest.php:58\n.\n\nERRORS!\nTests: 7, Assertions: 4, Errors: 4, Failures: 1.","coveredBy":["04b90d96c7fe427c43fa7d9cd7e0e728","9d692165916d891482073ea05e22baa3","6b87ba6ed2f24bd4bc3be3c35437ce56","dcdf3770770ae6814995a42bc8f75a34","e2e3abe013fe94fbb23700ea903057f2","f587532994a2087fb33510f6757a1ce8","101c103a5895f854f85578e81d50d169","67962a755c696325d98af3da8febeb62","f17dfd3321c73cb8c2a8531ca41c64f3","4e9345929cf3f1443608a1d710bcfd53","6852fb5ebb5a5412b0a8c5a3c429e4dd","0e5297c18ffae9efc2f98a63786d8184","6d6d98e79e7b349b18b1f7780389b444","e2dbf5f4be5d1423551df21e7999666f","bf4612de009320f1a9ec5e4ce84b6137","344871469e7a6d983df5663ebcc23175","3188d27faf0542c1df4f334b0e7a8883","e3a165ff08c432bcc1bff1eb343a4be0","67524a3d4cc3c11715f0ce54f28f336e","ae3e6c8669394ac8fa94f37859a9a124"],"killedBy":["0e5297c18ffae9efc2f98a63786d8184"],"testsCompleted":7},{"id":"b2ae3207208b0aea48666d7c697f8f93","mutatorName":"LogicalOr","replacement":"return str_starts_with($path, 'https:\/\/') && str_starts_with($path, 'http:\/\/');","description":"Replaces an OR operator (`||`) with an AND operator (`&&`).","location":{"start":{"line":36,"column":9},"end":{"line":36,"column":88}},"status":"Killed","statusReason":"PHPUnit 11.1.1 by Sebastian Bergmann and contributors.\n\nRuntime:       PHP 8.3.4\nConfiguration: \/tmp\/infection\/phpunitConfiguration.b2ae3207208b0aea48666d7c697f8f93.infection.xml\n\n.E..                                                                4 \/ 4 (100%)\n\nTime: 00:00.011, Memory: 12.00 MB\n\nThere was 1 error:\n\n1) DriveManager\\Tests\\Domain\\PathTest::testCorrectFileSystemButWithStrangeWord\nDriveManager\\Application\\Service\\DropFile\\Exceptions\\IncompletePathException: NextCloud drive detect but seem incomplete. Please check path 'http:\/\/owncloud\/nextcloud'\n\n\/home\/dev\/work\/DriveManager\/src\/Domain\/Model\/File\/Path.php:21\n\/home\/dev\/work\/DriveManager\/src\/Domain\/Model\/File\/Path.php:11\n\/home\/dev\/work\/DriveManager\/tests\/unit\/Domain\/PathTest.php:34\n\nERRORS!\nTests: 4, Assertions: 4, Errors: 1.","coveredBy":["4e9345929cf3f1443608a1d710bcfd53","6d6d98e79e7b349b18b1f7780389b444"],"killedBy":["6d6d98e79e7b349b18b1f7780389b444"],"testsCompleted":4},{"id":"075d275601e30be03322ae87faff11ed","mutatorName":"LogicalOrAllSubExprNegation","replacement":"return !str_starts_with($path, 'https:\/\/') || !str_starts_with($path, 'http:\/\/');","description":"Negates all sub-expressions at once in OR (`||`).","location":{"start":{"line":36,"column":9},"end":{"line":36,"column":88}},"status":"Killed","statusReason":"PHPUnit 11.1.1 by Sebastian Bergmann and contributors.\n\nRuntime:       PHP 8.3.4\nConfiguration: \/tmp\/infection\/phpunitConfiguration.075d275601e30be03322ae87faff11ed.infection.xml\n\n...F                                                                4 \/ 4 (100%)\n\nTime: 00:00.010, Memory: 12.00 MB\n\nThere was 1 failure:\n\n1) DriveManager\\Tests\\Domain\\PathTest::testDetectIncompleteNextCloudPathException\nFailed asserting that exception of type \"DriveManager\\Application\\Service\\DropFile\\Exceptions\\IncompletePathException\" is thrown.\n\nFAILURES!\nTests: 4, Assertions: 4, Failures: 1.","coveredBy":["4e9345929cf3f1443608a1d710bcfd53","6d6d98e79e7b349b18b1f7780389b444"],"killedBy":["4e9345929cf3f1443608a1d710bcfd53"],"testsCompleted":4},{"id":"ce61070133b72b43bfba229a2a6ea299","mutatorName":"LogicalOrNegation","replacement":"return !(str_starts_with($path, 'https:\/\/') || str_starts_with($path, 'http:\/\/'));","description":"Negates a whole OR expression (`||`).","location":{"start":{"line":36,"column":9},"end":{"line":36,"column":88}},"status":"Killed","statusReason":"PHPUnit 11.1.1 by Sebastian Bergmann and contributors.\n\nRuntime:       PHP 8.3.4\nConfiguration: \/tmp\/infection\/phpunitConfiguration.ce61070133b72b43bfba229a2a6ea299.infection.xml\n\n.E.F                                                                4 \/ 4 (100%)\n\nTime: 00:00.011, Memory: 12.00 MB\n\nThere was 1 error:\n\n1) DriveManager\\Tests\\Domain\\PathTest::testCorrectFileSystemButWithStrangeWord\nDriveManager\\Application\\Service\\DropFile\\Exceptions\\IncompletePathException: NextCloud drive detect but seem incomplete. Please check path 'http:\/\/owncloud\/nextcloud'\n\n\/home\/dev\/work\/DriveManager\/src\/Domain\/Model\/File\/Path.php:21\n\/home\/dev\/work\/DriveManager\/src\/Domain\/Model\/File\/Path.php:11\n\/home\/dev\/work\/DriveManager\/tests\/unit\/Domain\/PathTest.php:34\n\n--\n\nThere was 1 failure:\n\n1) DriveManager\\Tests\\Domain\\PathTest::testDetectIncompleteNextCloudPathException\nFailed asserting that exception of type \"DriveManager\\Application\\Service\\DropFile\\Exceptions\\IncompletePathException\" is thrown.\n\nERRORS!\nTests: 4, Assertions: 3, Errors: 1, Failures: 1.","coveredBy":["4e9345929cf3f1443608a1d710bcfd53","6d6d98e79e7b349b18b1f7780389b444"],"killedBy":["6d6d98e79e7b349b18b1f7780389b444"],"testsCompleted":4},{"id":"7d9555cb2d4345564abea89d123727e5","mutatorName":"LogicalOrSingleSubExprNegation","replacement":"return !str_starts_with($path, 'https:\/\/') || str_starts_with($path, 'http:\/\/');","description":"Negates all sub-expressions separately in OR (`||`).","location":{"start":{"line":36,"column":9},"end":{"line":36,"column":88}},"status":"Killed","statusReason":"PHPUnit 11.1.1 by Sebastian Bergmann and contributors.\n\nRuntime:       PHP 8.3.4\nConfiguration: \/tmp\/infection\/phpunitConfiguration.7d9555cb2d4345564abea89d123727e5.infection.xml\n\n...F                                                                4 \/ 4 (100%)\n\nTime: 00:00.011, Memory: 12.00 MB\n\nThere was 1 failure:\n\n1) DriveManager\\Tests\\Domain\\PathTest::testDetectIncompleteNextCloudPathException\nFailed asserting that exception of type \"DriveManager\\Application\\Service\\DropFile\\Exceptions\\IncompletePathException\" is thrown.\n\nFAILURES!\nTests: 4, Assertions: 4, Failures: 1.","coveredBy":["4e9345929cf3f1443608a1d710bcfd53","6d6d98e79e7b349b18b1f7780389b444"],"killedBy":["4e9345929cf3f1443608a1d710bcfd53"],"testsCompleted":4},{"id":"355b418f35c3db7d2b7c66318c88b28f","mutatorName":"LogicalOrSingleSubExprNegation","replacement":"return str_starts_with($path, 'https:\/\/') || !str_starts_with($path, 'http:\/\/');","description":"Negates all sub-expressions separately in OR (`||`).","location":{"start":{"line":36,"column":9},"end":{"line":36,"column":88}},"status":"Killed","statusReason":"PHPUnit 11.1.1 by Sebastian Bergmann and contributors.\n\nRuntime:       PHP 8.3.4\nConfiguration: \/tmp\/infection\/phpunitConfiguration.355b418f35c3db7d2b7c66318c88b28f.infection.xml\n\n.E.F                                                                4 \/ 4 (100%)\n\nTime: 00:00.011, Memory: 12.00 MB\n\nThere was 1 error:\n\n1) DriveManager\\Tests\\Domain\\PathTest::testCorrectFileSystemButWithStrangeWord\nDriveManager\\Application\\Service\\DropFile\\Exceptions\\IncompletePathException: NextCloud drive detect but seem incomplete. Please check path 'http:\/\/owncloud\/nextcloud'\n\n\/home\/dev\/work\/DriveManager\/src\/Domain\/Model\/File\/Path.php:21\n\/home\/dev\/work\/DriveManager\/src\/Domain\/Model\/File\/Path.php:11\n\/home\/dev\/work\/DriveManager\/tests\/unit\/Domain\/PathTest.php:34\n\n--\n\nThere was 1 failure:\n\n1) DriveManager\\Tests\\Domain\\PathTest::testDetectIncompleteNextCloudPathException\nFailed asserting that exception of type \"DriveManager\\Application\\Service\\DropFile\\Exceptions\\IncompletePathException\" is thrown.\n\nERRORS!\nTests: 4, Assertions: 3, Errors: 1, Failures: 1.","coveredBy":["4e9345929cf3f1443608a1d710bcfd53","6d6d98e79e7b349b18b1f7780389b444"],"killedBy":["6d6d98e79e7b349b18b1f7780389b444"],"testsCompleted":4}]},"Infrastructure\/DriveProvider\/DropFileForFileSystem.php":{"language":"php","source":"<?php\n\nnamespace DriveManager\\Infrastructure\\DriveProvider;\n\nuse DriveManager\\Application\\Service\\DropFile\\DropFileInterface;\nuse DriveManager\\Application\\Service\\DropFile\\Exceptions\\RepositoryDoesNotExistException;\nuse DriveManager\\Domain\\Model\\File\\File;\nuse DriveManager\\Domain\\Model\\File\\FileName;\n\nclass DropFileForFileSystem implements DropFileInterface\n{\n    private const PATH_REPOSITORY = '%s\/%s';\n    private const FULL_PATH = '%s\/%s';\n    public function __construct(private string $rootPath)\n    {\n    }\n\n    public function dropFile(File $file): void\n    {\n        $pathToUpload = $file->getPath();\n        $pathRepository = sprintf(self::PATH_REPOSITORY, $this->rootPath, $pathToUpload);\n        if (!is_dir($pathRepository)) {\n            throw new RepositoryDoesNotExistException(\"Repository ($pathToUpload) doesn't exist.\");\n        }\n\n        $filePath = sprintf(self::FULL_PATH, $pathRepository, $file->getFileName());\n        file_put_contents($filePath, $file->getContent());\n    }\n\n    public function isFileExists(File $file): bool\n    {\n        return file_exists($this->rootPath . '\/' . $file->getFileName());\n    }\n\n    public function createDirectory(string $directoryName): void\n    {\n        $fullPath = $this->rootPath . '\/' . $directoryName;\n        if (!is_dir($fullPath)) {\n            mkdir($fullPath, 0777, true);\n            \/\/vfsStream::newDirectory($directoryName, 0777)->at(vfsStream::setup($this->rootPath));\n        }\n    }\n}\n","mutants":[{"id":"289860f1e8fe91fd78908902229fee02","mutatorName":"LogicalNot","replacement":"if (is_dir($pathRepository)) {","description":"Removes a negation operator (`!`), e.g. transforms `!$foo` with `$foo`.","location":{"start":{"line":22,"column":9},"end":{"line":22,"column":40}},"status":"Killed","statusReason":"PHPUnit 11.1.1 by Sebastian Bergmann and contributors.\n\nRuntime:       PHP 8.3.4\nConfiguration: \/tmp\/infection\/phpunitConfiguration.289860f1e8fe91fd78908902229fee02.infection.xml\n\nE.F\n\nTime: 00:00.017, Memory: 12.00 MB\n\nThere was 1 error:\n\n1) DriveManager\\Tests\\Infrastructure\\DriveProvider\\DropFileForFileSystemTest::testDropOneFile\nDriveManager\\Application\\Service\\DropFile\\Exceptions\\RepositoryDoesNotExistException: Repository () doesn't exist.\n\n\/home\/dev\/work\/DriveManager\/src\/Infrastructure\/DriveProvider\/DropFileForFileSystem.php:21\n\/home\/dev\/work\/DriveManager\/tests\/unit\/Infrastructure\/DriveProvider\/DropFileForFileSystemTest.php:34\n\n--\n\nThere was 1 failure:\n\n1) DriveManager\\Tests\\Infrastructure\\DriveProvider\\DropFileForFileSystemTest::testThrowExceptionRepositoryDoesntExiste\nFailed asserting that exception of type \"DriveManager\\Application\\Service\\DropFile\\Exceptions\\RepositoryDoesNotExistException\" is thrown.\n\nERRORS!\nTests: 3, Assertions: 3, Errors: 1, Failures: 1, Warnings: 1.","coveredBy":["e3a165ff08c432bcc1bff1eb343a4be0","67524a3d4cc3c11715f0ce54f28f336e"],"killedBy":["67524a3d4cc3c11715f0ce54f28f336e"],"testsCompleted":3},{"id":"a2548e2b21084b9719ad65583138d1c1","mutatorName":"Throw_","replacement":"new RepositoryDoesNotExistException(\"Repository ({$pathToUpload}) doesn't exist.\");","description":"Removes a throw statement (`throw`). For example:\n\n```php\nthrow new Exception();\n```\n\nWill be mutated to:\n\n```php\nnew Exception();\n```\n","location":{"start":{"line":23,"column":13},"end":{"line":23,"column":100}},"status":"Killed","statusReason":"PHPUnit 11.1.1 by Sebastian Bergmann and contributors.\n\nRuntime:       PHP 8.3.4\nConfiguration: \/tmp\/infection\/phpunitConfiguration.a2548e2b21084b9719ad65583138d1c1.infection.xml\n\n..F\n\nTime: 00:00.016, Memory: 12.00 MB\n\nThere was 1 failure:\n\n1) DriveManager\\Tests\\Infrastructure\\DriveProvider\\DropFileForFileSystemTest::testThrowExceptionRepositoryDoesntExiste\nFailed asserting that exception of type \"DriveManager\\Application\\Service\\DropFile\\Exceptions\\RepositoryDoesNotExistException\" is thrown.\n\nFAILURES!\nTests: 3, Assertions: 6, Failures: 1, Warnings: 1.","coveredBy":["e3a165ff08c432bcc1bff1eb343a4be0"],"killedBy":["e3a165ff08c432bcc1bff1eb343a4be0"],"testsCompleted":3},{"id":"095a14afdf3932966b2a8036d6996ea8","mutatorName":"FunctionCallRemoval","replacement":"","description":"Removes the function call.","location":{"start":{"line":27,"column":9},"end":{"line":27,"column":59}},"status":"Killed","statusReason":"PHPUnit 11.1.1 by Sebastian Bergmann and contributors.\n\nRuntime:       PHP 8.3.4\nConfiguration: \/tmp\/infection\/phpunitConfiguration.095a14afdf3932966b2a8036d6996ea8.infection.xml\n\nF\n\nTime: 00:00.013, Memory: 12.00 MB\n\nThere was 1 failure:\n\n1) DriveManager\\Tests\\Infrastructure\\DriveProvider\\DropFileForFileSystemTest::testDropOneFile\nFailed asserting that false is true.\n\n\/home\/dev\/work\/DriveManager\/tests\/unit\/Infrastructure\/DriveProvider\/DropFileForFileSystemTest.php:37\n\nFAILURES!\nTests: 1, Assertions: 1, Failures: 1.","coveredBy":["67524a3d4cc3c11715f0ce54f28f336e"],"killedBy":["67524a3d4cc3c11715f0ce54f28f336e"],"testsCompleted":1},{"id":"a955921461abe79224dc76cdc31742af","mutatorName":"Concat","replacement":"return file_exists('\/' . $this->rootPath . $file->getFileName());","description":"Flips the operands of the string concatenation operator `.`. For example:\n\n```php\n'foo' . 'bar';\n```\n\nWill be mutated to:\n\n```php\n'bar' . 'foo';\n```","location":{"start":{"line":32,"column":9},"end":{"line":32,"column":74}},"status":"Killed","statusReason":"PHPUnit 11.1.1 by Sebastian Bergmann and contributors.\n\nRuntime:       PHP 8.3.4\nConfiguration: \/tmp\/infection\/phpunitConfiguration.a955921461abe79224dc76cdc31742af.infection.xml\n\n..F\n\nTime: 00:00.016, Memory: 12.00 MB\n\nThere was 1 failure:\n\n1) DriveManager\\Tests\\Infrastructure\\DriveProvider\\DropFileForFileSystemTest::testDropOneFile\nFailed asserting that false is true.\n\n\/home\/dev\/work\/DriveManager\/tests\/unit\/Infrastructure\/DriveProvider\/DropFileForFileSystemTest.php:38\n\nFAILURES!\nTests: 3, Assertions: 6, Failures: 1.","coveredBy":["3188d27faf0542c1df4f334b0e7a8883","67524a3d4cc3c11715f0ce54f28f336e"],"killedBy":["67524a3d4cc3c11715f0ce54f28f336e"],"testsCompleted":3},{"id":"73cef3ca255a54f09690c439bb6600e7","mutatorName":"ConcatOperandRemoval","replacement":"return file_exists('\/' . $file->getFileName());","description":"Removes an operand from a string concatenation.\n\n```php\n$x = 'foo' . 'bar';\n```\n\nWill be mutated to:\n\n```php\n$x = 'foo';\n```\n\nAnd:\n\n```php\n$x = 'bar';\n","location":{"start":{"line":32,"column":9},"end":{"line":32,"column":74}},"status":"Killed","statusReason":"PHPUnit 11.1.1 by Sebastian Bergmann and contributors.\n\nRuntime:       PHP 8.3.4\nConfiguration: \/tmp\/infection\/phpunitConfiguration.73cef3ca255a54f09690c439bb6600e7.infection.xml\n\nF\n\nTime: 00:00.019, Memory: 12.00 MB\n\nThere was 1 failure:\n\n1) DriveManager\\Tests\\Infrastructure\\DriveProvider\\DropFileForFileSystemTest::testDropOneFile\nFailed asserting that false is true.\n\n\/home\/dev\/work\/DriveManager\/tests\/unit\/Infrastructure\/DriveProvider\/DropFileForFileSystemTest.php:38\n\nFAILURES!\nTests: 1, Assertions: 2, Failures: 1.","coveredBy":["3188d27faf0542c1df4f334b0e7a8883","67524a3d4cc3c11715f0ce54f28f336e"],"killedBy":["67524a3d4cc3c11715f0ce54f28f336e"],"testsCompleted":1},{"id":"39c16b44428bc0e285e290cab66fb88a","mutatorName":"ConcatOperandRemoval","replacement":"return file_exists($this->rootPath . $file->getFileName());","description":"Removes an operand from a string concatenation.\n\n```php\n$x = 'foo' . 'bar';\n```\n\nWill be mutated to:\n\n```php\n$x = 'foo';\n```\n\nAnd:\n\n```php\n$x = 'bar';\n","location":{"start":{"line":32,"column":9},"end":{"line":32,"column":74}},"status":"Killed","statusReason":"PHPUnit 11.1.1 by Sebastian Bergmann and contributors.\n\nRuntime:       PHP 8.3.4\nConfiguration: \/tmp\/infection\/phpunitConfiguration.39c16b44428bc0e285e290cab66fb88a.infection.xml\n\n..F\n\nTime: 00:00.016, Memory: 12.00 MB\n\nThere was 1 failure:\n\n1) DriveManager\\Tests\\Infrastructure\\DriveProvider\\DropFileForFileSystemTest::testDropOneFile\nFailed asserting that false is true.\n\n\/home\/dev\/work\/DriveManager\/tests\/unit\/Infrastructure\/DriveProvider\/DropFileForFileSystemTest.php:38\n\nFAILURES!\nTests: 3, Assertions: 6, Failures: 1.","coveredBy":["3188d27faf0542c1df4f334b0e7a8883","67524a3d4cc3c11715f0ce54f28f336e"],"killedBy":["67524a3d4cc3c11715f0ce54f28f336e"],"testsCompleted":3},{"id":"5e15350802713105a08ba11ee17bbf30","mutatorName":"Concat","replacement":"return file_exists($this->rootPath . $file->getFileName() . '\/');","description":"Flips the operands of the string concatenation operator `.`. For example:\n\n```php\n'foo' . 'bar';\n```\n\nWill be mutated to:\n\n```php\n'bar' . 'foo';\n```","location":{"start":{"line":32,"column":9},"end":{"line":32,"column":74}},"status":"Killed","statusReason":"PHPUnit 11.1.1 by Sebastian Bergmann and contributors.\n\nRuntime:       PHP 8.3.4\nConfiguration: \/tmp\/infection\/phpunitConfiguration.5e15350802713105a08ba11ee17bbf30.infection.xml\n\n..F\n\nTime: 00:00.016, Memory: 12.00 MB\n\nThere was 1 failure:\n\n1) DriveManager\\Tests\\Infrastructure\\DriveProvider\\DropFileForFileSystemTest::testDropOneFile\nFailed asserting that false is true.\n\n\/home\/dev\/work\/DriveManager\/tests\/unit\/Infrastructure\/DriveProvider\/DropFileForFileSystemTest.php:38\n\nFAILURES!\nTests: 3, Assertions: 6, Failures: 1.","coveredBy":["3188d27faf0542c1df4f334b0e7a8883","67524a3d4cc3c11715f0ce54f28f336e"],"killedBy":["67524a3d4cc3c11715f0ce54f28f336e"],"testsCompleted":3},{"id":"ad51b1225b840730bb54e1d6bbec1283","mutatorName":"ConcatOperandRemoval","replacement":"return file_exists($this->rootPath . '\/');","description":"Removes an operand from a string concatenation.\n\n```php\n$x = 'foo' . 'bar';\n```\n\nWill be mutated to:\n\n```php\n$x = 'foo';\n```\n\nAnd:\n\n```php\n$x = 'bar';\n","location":{"start":{"line":32,"column":9},"end":{"line":32,"column":74}},"status":"Killed","statusReason":"PHPUnit 11.1.1 by Sebastian Bergmann and contributors.\n\nRuntime:       PHP 8.3.4\nConfiguration: \/tmp\/infection\/phpunitConfiguration.ad51b1225b840730bb54e1d6bbec1283.infection.xml\n\nF\n\nTime: 00:00.022, Memory: 12.00 MB\n\nThere was 1 failure:\n\n1) DriveManager\\Tests\\Infrastructure\\DriveProvider\\DropFileForFileSystemTest::testFileDoesntExiste\nFailed asserting that true is false.\n\n\/home\/dev\/work\/DriveManager\/tests\/unit\/Infrastructure\/DriveProvider\/DropFileForFileSystemTest.php:49\n\nFAILURES!\nTests: 1, Assertions: 2, Failures: 1.","coveredBy":["3188d27faf0542c1df4f334b0e7a8883","67524a3d4cc3c11715f0ce54f28f336e"],"killedBy":["3188d27faf0542c1df4f334b0e7a8883"],"testsCompleted":1},{"id":"7cd7e63871c30194f73a4f05e825f619","mutatorName":"PublicVisibility","replacement":"protected function createDirectory(string $directoryName): void","description":"Replaces the `public` method visibility keyword with `protected`.","location":{"start":{"line":35,"column":5},"end":{"line":35,"column":65}},"status":"Killed","statusReason":"PHPUnit 11.1.1 by Sebastian Bergmann and contributors.\n\nRuntime:       PHP 8.3.4\nConfiguration: \/tmp\/infection\/phpunitConfiguration.7cd7e63871c30194f73a4f05e825f619.infection.xml\n\n.E.EEE                                                              6 \/ 6 (100%)\n\nTime: 00:00.022, Memory: 12.00 MB\n\nThere were 4 errors:\n\n1) DriveManager\\Tests\\Infrastructure\\DriveProvider\\DropFileForFileSystemTest::testDropOneFile\nError: Call to protected method DriveManager\\Infrastructure\\DriveProvider\\DropFileForFileSystem::createDirectory() from scope DriveManager\\Tests\\Infrastructure\\DriveProvider\\DropFileForFileSystemTest\n\n\/home\/dev\/work\/DriveManager\/tests\/unit\/Infrastructure\/DriveProvider\/DropFileForFileSystemTest.php:31\n\n2) DriveManager\\Tests\\Infrastructure\\DriveProvider\\DropFileForFileSystemTest::testCreateDirectory\nError: Call to protected method DriveManager\\Infrastructure\\DriveProvider\\DropFileForFileSystem::createDirectory() from scope DriveManager\\Tests\\Infrastructure\\DriveProvider\\DropFileForFileSystemTest\n\n\/home\/dev\/work\/DriveManager\/tests\/unit\/Infrastructure\/DriveProvider\/DropFileForFileSystemTest.php:68\n\n3) DriveManager\\Tests\\Infrastructure\\DriveProvider\\DropFileForFileSystemTest::testCreateDirectoryWithCorrectPermissions\nError: Call to protected method DriveManager\\Infrastructure\\DriveProvider\\DropFileForFileSystem::createDirectory() from scope DriveManager\\Tests\\Infrastructure\\DriveProvider\\DropFileForFileSystemTest\n\n\/home\/dev\/work\/DriveManager\/tests\/unit\/Infrastructure\/DriveProvider\/DropFileForFileSystemTest.php:88\n\n4) DriveManager\\Tests\\Infrastructure\\DriveProvider\\DropFileForFileSystemTest::testCreateDirectoryRecursively\nError: Call to protected method DriveManager\\Infrastructure\\DriveProvider\\DropFileForFileSystem::createDirectory() from scope DriveManager\\Tests\\Infrastructure\\DriveProvider\\DropFileForFileSystemTest\n\n\/home\/dev\/work\/DriveManager\/tests\/unit\/Infrastructure\/DriveProvider\/DropFileForFileSystemTest.php:78\n\nERRORS!\nTests: 6, Assertions: 4, Errors: 4.","coveredBy":["f6923d74015873bd19d4d8ee18ced51f","ddec5ed507dccfe6b3be1a3e9da1b39f","273affb146ba95ed03bc23ac4152239a","67524a3d4cc3c11715f0ce54f28f336e"],"killedBy":["67524a3d4cc3c11715f0ce54f28f336e"],"testsCompleted":6},{"id":"4589a85a7fa4e036a86f12ab6dc255bc","mutatorName":"Concat","replacement":"$fullPath = '\/' . $this->rootPath . $directoryName;","description":"Flips the operands of the string concatenation operator `.`. For example:\n\n```php\n'foo' . 'bar';\n```\n\nWill be mutated to:\n\n```php\n'bar' . 'foo';\n```","location":{"start":{"line":37,"column":9},"end":{"line":37,"column":60}},"status":"Killed","statusReason":"PHPUnit 11.1.1 by Sebastian Bergmann and contributors.\n\nRuntime:       PHP 8.3.4\nConfiguration: \/tmp\/infection\/phpunitConfiguration.4589a85a7fa4e036a86f12ab6dc255bc.infection.xml\n\n..WF\n\nTime: 00:00.016, Memory: 12.00 MB\n\nThere was 1 failure:\n\n1) DriveManager\\Tests\\Infrastructure\\DriveProvider\\DropFileForFileSystemTest::testCreateDirectory\nFailed asserting that false is true.\n\n\/home\/dev\/work\/DriveManager\/tests\/unit\/Infrastructure\/DriveProvider\/DropFileForFileSystemTest.php:70\n\nFAILURES!\nTests: 4, Assertions: 8, Failures: 1, Warnings: 1.","coveredBy":["f6923d74015873bd19d4d8ee18ced51f","ddec5ed507dccfe6b3be1a3e9da1b39f","273affb146ba95ed03bc23ac4152239a","67524a3d4cc3c11715f0ce54f28f336e"],"killedBy":["f6923d74015873bd19d4d8ee18ced51f"],"testsCompleted":4},{"id":"5849b1423244baa0478f52240106eba9","mutatorName":"ConcatOperandRemoval","replacement":"$fullPath = $this->rootPath . $directoryName;","description":"Removes an operand from a string concatenation.\n\n```php\n$x = 'foo' . 'bar';\n```\n\nWill be mutated to:\n\n```php\n$x = 'foo';\n```\n\nAnd:\n\n```php\n$x = 'bar';\n","location":{"start":{"line":37,"column":9},"end":{"line":37,"column":60}},"status":"Killed","statusReason":"PHPUnit 11.1.1 by Sebastian Bergmann and contributors.\n\nRuntime:       PHP 8.3.4\nConfiguration: \/tmp\/infection\/phpunitConfiguration.5849b1423244baa0478f52240106eba9.infection.xml\n\n...F\n\nTime: 00:00.015, Memory: 12.00 MB\n\nThere was 1 failure:\n\n1) DriveManager\\Tests\\Infrastructure\\DriveProvider\\DropFileForFileSystemTest::testCreateDirectory\nFailed asserting that false is true.\n\n\/home\/dev\/work\/DriveManager\/tests\/unit\/Infrastructure\/DriveProvider\/DropFileForFileSystemTest.php:70\n\nFAILURES!\nTests: 4, Assertions: 8, Failures: 1.","coveredBy":["f6923d74015873bd19d4d8ee18ced51f","ddec5ed507dccfe6b3be1a3e9da1b39f","273affb146ba95ed03bc23ac4152239a","67524a3d4cc3c11715f0ce54f28f336e"],"killedBy":["f6923d74015873bd19d4d8ee18ced51f"],"testsCompleted":4},{"id":"8d9c669bd9a324bb87a46639d8ede1f7","mutatorName":"ConcatOperandRemoval","replacement":"$fullPath = '\/' . $directoryName;","description":"Removes an operand from a string concatenation.\n\n```php\n$x = 'foo' . 'bar';\n```\n\nWill be mutated to:\n\n```php\n$x = 'foo';\n```\n\nAnd:\n\n```php\n$x = 'bar';\n","location":{"start":{"line":37,"column":9},"end":{"line":37,"column":60}},"status":"Killed","statusReason":"PHPUnit 11.1.1 by Sebastian Bergmann and contributors.\n\nRuntime:       PHP 8.3.4\nConfiguration: \/tmp\/infection\/phpunitConfiguration.8d9c669bd9a324bb87a46639d8ede1f7.infection.xml\n\n...F\n\nTime: 00:00.018, Memory: 12.00 MB\n\nThere was 1 failure:\n\n1) DriveManager\\Tests\\Infrastructure\\DriveProvider\\DropFileForFileSystemTest::testCreateDirectory\nFailed asserting that false is true.\n\n\/home\/dev\/work\/DriveManager\/tests\/unit\/Infrastructure\/DriveProvider\/DropFileForFileSystemTest.php:70\n\nFAILURES!\nTests: 4, Assertions: 8, Failures: 1, Warnings: 1.","coveredBy":["f6923d74015873bd19d4d8ee18ced51f","ddec5ed507dccfe6b3be1a3e9da1b39f","273affb146ba95ed03bc23ac4152239a","67524a3d4cc3c11715f0ce54f28f336e"],"killedBy":["f6923d74015873bd19d4d8ee18ced51f"],"testsCompleted":4},{"id":"caeab8583cef90f978863a540577f67b","mutatorName":"ConcatOperandRemoval","replacement":"$fullPath = $this->rootPath . '\/';","description":"Removes an operand from a string concatenation.\n\n```php\n$x = 'foo' . 'bar';\n```\n\nWill be mutated to:\n\n```php\n$x = 'foo';\n```\n\nAnd:\n\n```php\n$x = 'bar';\n","location":{"start":{"line":37,"column":9},"end":{"line":37,"column":60}},"status":"Killed","statusReason":"PHPUnit 11.1.1 by Sebastian Bergmann and contributors.\n\nRuntime:       PHP 8.3.4\nConfiguration: \/tmp\/infection\/phpunitConfiguration.caeab8583cef90f978863a540577f67b.infection.xml\n\n...F\n\nTime: 00:00.016, Memory: 12.00 MB\n\nThere was 1 failure:\n\n1) DriveManager\\Tests\\Infrastructure\\DriveProvider\\DropFileForFileSystemTest::testCreateDirectory\nFailed asserting that false is true.\n\n\/home\/dev\/work\/DriveManager\/tests\/unit\/Infrastructure\/DriveProvider\/DropFileForFileSystemTest.php:70\n\nFAILURES!\nTests: 4, Assertions: 8, Failures: 1.","coveredBy":["f6923d74015873bd19d4d8ee18ced51f","ddec5ed507dccfe6b3be1a3e9da1b39f","273affb146ba95ed03bc23ac4152239a","67524a3d4cc3c11715f0ce54f28f336e"],"killedBy":["f6923d74015873bd19d4d8ee18ced51f"],"testsCompleted":4},{"id":"2ba8de5bd73a65cd387419d704bd0aa7","mutatorName":"Concat","replacement":"$fullPath = $this->rootPath . $directoryName . '\/';","description":"Flips the operands of the string concatenation operator `.`. For example:\n\n```php\n'foo' . 'bar';\n```\n\nWill be mutated to:\n\n```php\n'bar' . 'foo';\n```","location":{"start":{"line":37,"column":9},"end":{"line":37,"column":60}},"status":"Killed","statusReason":"PHPUnit 11.1.1 by Sebastian Bergmann and contributors.\n\nRuntime:       PHP 8.3.4\nConfiguration: \/tmp\/infection\/phpunitConfiguration.2ba8de5bd73a65cd387419d704bd0aa7.infection.xml\n\n...F\n\nTime: 00:00.022, Memory: 12.00 MB\n\nThere was 1 failure:\n\n1) DriveManager\\Tests\\Infrastructure\\DriveProvider\\DropFileForFileSystemTest::testCreateDirectory\nFailed asserting that false is true.\n\n\/home\/dev\/work\/DriveManager\/tests\/unit\/Infrastructure\/DriveProvider\/DropFileForFileSystemTest.php:70\n\nFAILURES!\nTests: 4, Assertions: 8, Failures: 1.","coveredBy":["f6923d74015873bd19d4d8ee18ced51f","ddec5ed507dccfe6b3be1a3e9da1b39f","273affb146ba95ed03bc23ac4152239a","67524a3d4cc3c11715f0ce54f28f336e"],"killedBy":["f6923d74015873bd19d4d8ee18ced51f"],"testsCompleted":4},{"id":"4d59660a7fd7261cb90b0bfb5528dd5f","mutatorName":"LogicalNot","replacement":"if (is_dir($fullPath)) {","description":"Removes a negation operator (`!`), e.g. transforms `!$foo` with `$foo`.","location":{"start":{"line":38,"column":9},"end":{"line":38,"column":34}},"status":"Killed","statusReason":"PHPUnit 11.1.1 by Sebastian Bergmann and contributors.\n\nRuntime:       PHP 8.3.4\nConfiguration: \/tmp\/infection\/phpunitConfiguration.4d59660a7fd7261cb90b0bfb5528dd5f.infection.xml\n\n.W.F\n\nTime: 00:00.018, Memory: 12.00 MB\n\nThere was 1 failure:\n\n1) DriveManager\\Tests\\Infrastructure\\DriveProvider\\DropFileForFileSystemTest::testCreateDirectory\nFailed asserting that false is true.\n\n\/home\/dev\/work\/DriveManager\/tests\/unit\/Infrastructure\/DriveProvider\/DropFileForFileSystemTest.php:70\n\nFAILURES!\nTests: 4, Assertions: 8, Failures: 1, Warnings: 1.","coveredBy":["f6923d74015873bd19d4d8ee18ced51f","ddec5ed507dccfe6b3be1a3e9da1b39f","273affb146ba95ed03bc23ac4152239a","67524a3d4cc3c11715f0ce54f28f336e"],"killedBy":["f6923d74015873bd19d4d8ee18ced51f"],"testsCompleted":4},{"id":"12d69099e6e7c29aa3180419e39f0baf","mutatorName":"DecrementInteger","replacement":"mkdir($fullPath, 510, true);","description":"Decrements an integer value with 1.","location":{"start":{"line":39,"column":13},"end":{"line":39,"column":42}},"status":"Killed","statusReason":"PHPUnit 11.1.1 by Sebastian Bergmann and contributors.\n\nRuntime:       PHP 8.3.4\nConfiguration: \/tmp\/infection\/phpunitConfiguration.12d69099e6e7c29aa3180419e39f0baf.infection.xml\n\n.....F                                                              6 \/ 6 (100%)\n\nTime: 00:00.017, Memory: 12.00 MB\n\nThere was 1 failure:\n\n1) DriveManager\\Tests\\Infrastructure\\DriveProvider\\DropFileForFileSystemTest::testCreateDirectoryWithCorrectPermissions\nFailed asserting that 510 matches expected 511.\n\n\/home\/dev\/work\/DriveManager\/tests\/unit\/Infrastructure\/DriveProvider\/DropFileForFileSystemTest.php:91\n\nFAILURES!\nTests: 6, Assertions: 10, Failures: 1.","coveredBy":["f6923d74015873bd19d4d8ee18ced51f","ddec5ed507dccfe6b3be1a3e9da1b39f","273affb146ba95ed03bc23ac4152239a"],"killedBy":["273affb146ba95ed03bc23ac4152239a"],"testsCompleted":6},{"id":"7f6644c841301dde884790c6200c5042","mutatorName":"IncrementInteger","replacement":"mkdir($fullPath, 512, true);","description":"Increments an integer value with 1.","location":{"start":{"line":39,"column":13},"end":{"line":39,"column":42}},"status":"Killed","statusReason":"PHPUnit 11.1.1 by Sebastian Bergmann and contributors.\n\nRuntime:       PHP 8.3.4\nConfiguration: \/tmp\/infection\/phpunitConfiguration.7f6644c841301dde884790c6200c5042.infection.xml\n\n....F\n\nTime: 00:00.017, Memory: 12.00 MB\n\nThere was 1 failure:\n\n1) DriveManager\\Tests\\Infrastructure\\DriveProvider\\DropFileForFileSystemTest::testCreateDirectoryWithCorrectPermissions\nFailed asserting that 0 matches expected 511.\n\n\/home\/dev\/work\/DriveManager\/tests\/unit\/Infrastructure\/DriveProvider\/DropFileForFileSystemTest.php:91\n\nFAILURES!\nTests: 5, Assertions: 9, Failures: 1.","coveredBy":["f6923d74015873bd19d4d8ee18ced51f","ddec5ed507dccfe6b3be1a3e9da1b39f","273affb146ba95ed03bc23ac4152239a"],"killedBy":["273affb146ba95ed03bc23ac4152239a"],"testsCompleted":5},{"id":"891e148c25c95f0701099ccd4075bb0d","mutatorName":"FunctionCallRemoval","replacement":"","description":"Removes the function call.","location":{"start":{"line":39,"column":13},"end":{"line":39,"column":42}},"status":"Killed","statusReason":"PHPUnit 11.1.1 by Sebastian Bergmann and contributors.\n\nRuntime:       PHP 8.3.4\nConfiguration: \/tmp\/infection\/phpunitConfiguration.891e148c25c95f0701099ccd4075bb0d.infection.xml\n\n.F\n\nTime: 00:00.016, Memory: 12.00 MB\n\nThere was 1 failure:\n\n1) DriveManager\\Tests\\Infrastructure\\DriveProvider\\DropFileForFileSystemTest::testCreateDirectory\nFailed asserting that false is true.\n\n\/home\/dev\/work\/DriveManager\/tests\/unit\/Infrastructure\/DriveProvider\/DropFileForFileSystemTest.php:70\n\nFAILURES!\nTests: 2, Assertions: 3, Failures: 1.","coveredBy":["f6923d74015873bd19d4d8ee18ced51f","ddec5ed507dccfe6b3be1a3e9da1b39f","273affb146ba95ed03bc23ac4152239a"],"killedBy":["f6923d74015873bd19d4d8ee18ced51f"],"testsCompleted":2}]},"Infrastructure\/DriveProvider\/DropFileNextcloud.php":{"language":"php","source":"<?php\n\nnamespace DriveManager\\Infrastructure\\DriveProvider;\n\nuse DriveManager\\Application\\Service\\DropFile\\DropFileInterface;\nuse DriveManager\\Application\\Service\\DropFile\\Exceptions\\FailUploadingFileException;\nuse DriveManager\\Domain\\Model\\File\\File;\nuse DriveManager\\Domain\\Model\\File\\FileName;\nuse Symfony\\Contracts\\HttpClient\\HttpClientInterface;\n\nclass DropFileNextcloud implements DropFileInterface\n{\n    private const SUCCESS_STATUS_CODES = [200, 201, 204];\n    private HttpClientInterface $client;\n\n    public function __construct(\n        string $baseUri,\n        string $mailAddress,\n        string $password,\n        ?HttpClientInterface $client = null\n    ) {\n        if ($client == null) {\n            $this->client = (new HttpClientFactory())->create($baseUri, $mailAddress, $password);\n        } else {\n            $this->client = $client;\n        }\n    }\n\n    public function dropFile(File $file): void\n    {\n        $requestOptions = [\n            'body' => $file->getContent()\n        ];\n\n        $response = $this->client->request('PUT', $file->getPath(), $requestOptions);\n\n        if (!in_array($response->getStatusCode(), self::SUCCESS_STATUS_CODES)) {\n            throw new FailUploadingFileException('Download failed : ' . $response->getStatusCode());\n        }\n    }\n\n    public function isFileExists(File $file): bool\n    {\n        $response = $this->client->request('HEAD', $file->getPath());\n\n        return $response->getStatusCode() === 200;\n    }\n\n    public function readFile(File $file): string\n    {\n\n        $response = $this->client->request('GET', $file->getPath());\n\n        return $response->getContent();\n    }\n}\n","mutants":[{"id":"1c93ddecb0f168381dfb5e2afd06376d","mutatorName":"AssignmentEqual","replacement":"if ($client = null) {","description":"Replaces an equal (`==`) or identical (`===`) comparison operator with an assignment operator (`=`).","location":{"start":{"line":22,"column":9},"end":{"line":22,"column":31}},"status":"Killed","statusReason":"PHPUnit 11.1.1 by Sebastian Bergmann and contributors.\n\nRuntime:       PHP 8.3.4\nConfiguration: \/tmp\/infection\/phpunitConfiguration.1c93ddecb0f168381dfb5e2afd06376d.infection.xml\n\nEEEEEE                                                              6 \/ 6 (100%)\n\nTime: 00:00.014, Memory: 10.00 MB\n\nThere were 6 errors:\n\n1) DriveManager\\Tests\\Infrastructure\\DriveProvider\\DropFileNextcloudTest::testDropFileFail\nTypeError: Cannot assign null to property DriveManager\\Infrastructure\\DriveProvider\\DropFileNextcloud::$client of type Symfony\\Contracts\\HttpClient\\HttpClientInterface\n\n\/home\/dev\/work\/DriveManager\/src\/Infrastructure\/DriveProvider\/DropFileNextcloud.php:19\n\/home\/dev\/work\/DriveManager\/tests\/unit\/Infrastructure\/DriveProvider\/DropFileNextcloudTest.php:36\n\n2) DriveManager\\Tests\\Infrastructure\\DriveProvider\\DropFileNextcloudTest::testDropBody\nTypeError: Cannot assign null to property DriveManager\\Infrastructure\\DriveProvider\\DropFileNextcloud::$client of type Symfony\\Contracts\\HttpClient\\HttpClientInterface\n\n\/home\/dev\/work\/DriveManager\/src\/Infrastructure\/DriveProvider\/DropFileNextcloud.php:19\n\/home\/dev\/work\/DriveManager\/tests\/unit\/Infrastructure\/DriveProvider\/DropFileNextcloudTest.php:36\n\n3) DriveManager\\Tests\\Infrastructure\\DriveProvider\\DropFileNextcloudTest::testIsFileExistsTrue\nTypeError: Cannot assign null to property DriveManager\\Infrastructure\\DriveProvider\\DropFileNextcloud::$client of type Symfony\\Contracts\\HttpClient\\HttpClientInterface\n\n\/home\/dev\/work\/DriveManager\/src\/Infrastructure\/DriveProvider\/DropFileNextcloud.php:19\n\/home\/dev\/work\/DriveManager\/tests\/unit\/Infrastructure\/DriveProvider\/DropFileNextcloudTest.php:36\n\n4) DriveManager\\Tests\\Infrastructure\\DriveProvider\\DropFileNextcloudTest::testReadAFile\nTypeError: Cannot assign null to property DriveManager\\Infrastructure\\DriveProvider\\DropFileNextcloud::$client of type Symfony\\Contracts\\HttpClient\\HttpClientInterface\n\n\/home\/dev\/work\/DriveManager\/src\/Infrastructure\/DriveProvider\/DropFileNextcloud.php:19\n\/home\/dev\/work\/DriveManager\/tests\/unit\/Infrastructure\/DriveProvider\/DropFileNextcloudTest.php:36\n\n5) DriveManager\\Tests\\Infrastructure\\DriveProvider\\DropFileNextcloudTest::testDropFileSuccess\nTypeError: Cannot assign null to property DriveManager\\Infrastructure\\DriveProvider\\DropFileNextcloud::$client of type Symfony\\Contracts\\HttpClient\\HttpClientInterface\n\n\/home\/dev\/work\/DriveManager\/src\/Infrastructure\/DriveProvider\/DropFileNextcloud.php:19\n\/home\/dev\/work\/DriveManager\/tests\/unit\/Infrastructure\/DriveProvider\/DropFileNextcloudTest.php:36\n\n6) DriveManager\\Tests\\Infrastructure\\DriveProvider\\DropFileNextcloudTest::testIsFileExistsFalse\nTypeError: Cannot assign null to property DriveManager\\Infrastructure\\DriveProvider\\DropFileNextcloud::$client of type Symfony\\Contracts\\HttpClient\\HttpClientInterface\n\n\/home\/dev\/work\/DriveManager\/src\/Infrastructure\/DriveProvider\/DropFileNextcloud.php:19\n\/home\/dev\/work\/DriveManager\/tests\/unit\/Infrastructure\/DriveProvider\/DropFileNextcloudTest.php:36\n\nERRORS!\nTests: 6, Assertions: 0, Errors: 6.","coveredBy":["dcdf3770770ae6814995a42bc8f75a34","e2e3abe013fe94fbb23700ea903057f2","f587532994a2087fb33510f6757a1ce8","101c103a5895f854f85578e81d50d169","67962a755c696325d98af3da8febeb62","f17dfd3321c73cb8c2a8531ca41c64f3"],"killedBy":["dcdf3770770ae6814995a42bc8f75a34"],"testsCompleted":6},{"id":"999d67c1b521d23c725c8be640711760","mutatorName":"Equal","replacement":"if ($client != null) {","description":"Replaces an equal operator (`==`) with its counterpart the not equal operator (`!=`).","location":{"start":{"line":22,"column":9},"end":{"line":22,"column":31}},"status":"Killed","statusReason":"PHPUnit 11.1.1 by Sebastian Bergmann and contributors.\n\nRuntime:       PHP 8.3.4\nConfiguration: \/tmp\/infection\/phpunitConfiguration.999d67c1b521d23c725c8be640711760.infection.xml\n\nEEEEEE                                                              6 \/ 6 (100%)\n\nTime: 00:00.011, Memory: 10.00 MB\n\nThere were 6 errors:\n\n1) DriveManager\\Tests\\Infrastructure\\DriveProvider\\DropFileNextcloudTest::testDropFileFail\nTypeError: Cannot assign null to property DriveManager\\Infrastructure\\DriveProvider\\DropFileNextcloud::$client of type Symfony\\Contracts\\HttpClient\\HttpClientInterface\n\n\/home\/dev\/work\/DriveManager\/src\/Infrastructure\/DriveProvider\/DropFileNextcloud.php:19\n\/home\/dev\/work\/DriveManager\/tests\/unit\/Infrastructure\/DriveProvider\/DropFileNextcloudTest.php:36\n\n2) DriveManager\\Tests\\Infrastructure\\DriveProvider\\DropFileNextcloudTest::testDropBody\nTypeError: Cannot assign null to property DriveManager\\Infrastructure\\DriveProvider\\DropFileNextcloud::$client of type Symfony\\Contracts\\HttpClient\\HttpClientInterface\n\n\/home\/dev\/work\/DriveManager\/src\/Infrastructure\/DriveProvider\/DropFileNextcloud.php:19\n\/home\/dev\/work\/DriveManager\/tests\/unit\/Infrastructure\/DriveProvider\/DropFileNextcloudTest.php:36\n\n3) DriveManager\\Tests\\Infrastructure\\DriveProvider\\DropFileNextcloudTest::testIsFileExistsTrue\nTypeError: Cannot assign null to property DriveManager\\Infrastructure\\DriveProvider\\DropFileNextcloud::$client of type Symfony\\Contracts\\HttpClient\\HttpClientInterface\n\n\/home\/dev\/work\/DriveManager\/src\/Infrastructure\/DriveProvider\/DropFileNextcloud.php:19\n\/home\/dev\/work\/DriveManager\/tests\/unit\/Infrastructure\/DriveProvider\/DropFileNextcloudTest.php:36\n\n4) DriveManager\\Tests\\Infrastructure\\DriveProvider\\DropFileNextcloudTest::testReadAFile\nTypeError: Cannot assign null to property DriveManager\\Infrastructure\\DriveProvider\\DropFileNextcloud::$client of type Symfony\\Contracts\\HttpClient\\HttpClientInterface\n\n\/home\/dev\/work\/DriveManager\/src\/Infrastructure\/DriveProvider\/DropFileNextcloud.php:19\n\/home\/dev\/work\/DriveManager\/tests\/unit\/Infrastructure\/DriveProvider\/DropFileNextcloudTest.php:36\n\n5) DriveManager\\Tests\\Infrastructure\\DriveProvider\\DropFileNextcloudTest::testDropFileSuccess\nTypeError: Cannot assign null to property DriveManager\\Infrastructure\\DriveProvider\\DropFileNextcloud::$client of type Symfony\\Contracts\\HttpClient\\HttpClientInterface\n\n\/home\/dev\/work\/DriveManager\/src\/Infrastructure\/DriveProvider\/DropFileNextcloud.php:19\n\/home\/dev\/work\/DriveManager\/tests\/unit\/Infrastructure\/DriveProvider\/DropFileNextcloudTest.php:36\n\n6) DriveManager\\Tests\\Infrastructure\\DriveProvider\\DropFileNextcloudTest::testIsFileExistsFalse\nTypeError: Cannot assign null to property DriveManager\\Infrastructure\\DriveProvider\\DropFileNextcloud::$client of type Symfony\\Contracts\\HttpClient\\HttpClientInterface\n\n\/home\/dev\/work\/DriveManager\/src\/Infrastructure\/DriveProvider\/DropFileNextcloud.php:19\n\/home\/dev\/work\/DriveManager\/tests\/unit\/Infrastructure\/DriveProvider\/DropFileNextcloudTest.php:36\n\nERRORS!\nTests: 6, Assertions: 0, Errors: 6.","coveredBy":["dcdf3770770ae6814995a42bc8f75a34","e2e3abe013fe94fbb23700ea903057f2","f587532994a2087fb33510f6757a1ce8","101c103a5895f854f85578e81d50d169","67962a755c696325d98af3da8febeb62","f17dfd3321c73cb8c2a8531ca41c64f3"],"killedBy":["dcdf3770770ae6814995a42bc8f75a34"],"testsCompleted":6},{"id":"3000eec91a4473c23bd533564a69ba50","mutatorName":"ArrayItemRemoval","replacement":"$requestOptions = [];","description":"Removes an element of an array literal. For example:\n\n```php\n$x = [0, 1, 2];\n```\n\nWill be mutated to:\n\n```php\n$x = [1, 2];\n```\n\nAnd:\n\n```php\n$x = [0, 2];\n```\n\nAnd:\n\n```php\n$x = [0, 1];\n```\n\nWhich elements it removes or how many elements it will attempt to remove will depend on its\nconfiguration.\n","location":{"start":{"line":31,"column":9},"end":{"line":33,"column":28}},"status":"Killed","statusReason":"PHPUnit 11.1.1 by Sebastian Bergmann and contributors.\n\nRuntime:       PHP 8.3.4\nConfiguration: \/tmp\/infection\/phpunitConfiguration.3000eec91a4473c23bd533564a69ba50.infection.xml\n\n.....F                                                              6 \/ 6 (100%)\n\nTime: 00:00.925, Memory: 12.00 MB\n\nThere was 1 failure:\n\n1) DriveManager\\Tests\\Infrastructure\\DriveProvider\\DropFileNextcloudTest::testDropBody\nNo valid request captured or missing \"options\" or \"body\" key.\n\n\/home\/dev\/work\/DriveManager\/tests\/unit\/Infrastructure\/DriveProvider\/DropFileNextcloudTest.php:101\n\nFAILURES!\nTests: 6, Assertions: 7, Failures: 1.","coveredBy":["dcdf3770770ae6814995a42bc8f75a34","e2e3abe013fe94fbb23700ea903057f2","f17dfd3321c73cb8c2a8531ca41c64f3"],"killedBy":["e2e3abe013fe94fbb23700ea903057f2"],"testsCompleted":6},{"id":"ec673fd22512bfdc9bdb7ce6390550e2","mutatorName":"ArrayItem","replacement":"$requestOptions = ['body' > $file->getContent()];","description":"Replaces a key-value pair (`[$key => $value]`) array declaration with a value array declaration\n(`[$key > $value]`) where the key or the value are potentially impure (i.e. have a side-effect);\nFor example `[foo() => $b->bar]`.","location":{"start":{"line":32,"column":13},"end":{"line":32,"column":42}},"status":"Killed","statusReason":"PHPUnit 11.1.1 by Sebastian Bergmann and contributors.\n\nRuntime:       PHP 8.3.4\nConfiguration: \/tmp\/infection\/phpunitConfiguration.ec673fd22512bfdc9bdb7ce6390550e2.infection.xml\n\nF\n\nTime: 00:00.016, Memory: 12.00 MB\n\nThere was 1 failure:\n\n1) DriveManager\\Tests\\Infrastructure\\DriveProvider\\DropFileNextcloudTest::testDropBody\nNo valid request captured or missing \"options\" or \"body\" key.\n\n\/home\/dev\/work\/DriveManager\/tests\/unit\/Infrastructure\/DriveProvider\/DropFileNextcloudTest.php:101\n\nFAILURES!\nTests: 1, Assertions: 1, Failures: 1.","coveredBy":["dcdf3770770ae6814995a42bc8f75a34","e2e3abe013fe94fbb23700ea903057f2","f17dfd3321c73cb8c2a8531ca41c64f3"],"killedBy":["e2e3abe013fe94fbb23700ea903057f2"],"testsCompleted":1},{"id":"cab65b50599d6d1448415f7b6b8cf882","mutatorName":"LogicalNot","replacement":"if (in_array($response->getStatusCode(), self::SUCCESS_STATUS_CODES)) {","description":"Removes a negation operator (`!`), e.g. transforms `!$foo` with `$foo`.","location":{"start":{"line":37,"column":9},"end":{"line":37,"column":81}},"status":"Killed","statusReason":"PHPUnit 11.1.1 by Sebastian Bergmann and contributors.\n\nRuntime:       PHP 8.3.4\nConfiguration: \/tmp\/infection\/phpunitConfiguration.cab65b50599d6d1448415f7b6b8cf882.infection.xml\n\n..EF\n\nTime: 00:00.512, Memory: 12.00 MB\n\nThere was 1 error:\n\n1) DriveManager\\Tests\\Infrastructure\\DriveProvider\\DropFileNextcloudTest::testDropFileSuccess\nDriveManager\\Application\\Service\\DropFile\\Exceptions\\FailUploadingFileException: Download failed : 200\n\n\/home\/dev\/work\/DriveManager\/src\/Infrastructure\/DriveProvider\/DropFileNextcloud.php:27\n\/home\/dev\/work\/DriveManager\/tests\/unit\/Infrastructure\/DriveProvider\/DropFileNextcloudTest.php:72\n\n--\n\nThere was 1 failure:\n\n1) DriveManager\\Tests\\Infrastructure\\DriveProvider\\DropFileNextcloudTest::testDropFileFail\nFailed asserting that exception of type \"DriveManager\\Application\\Service\\DropFile\\Exceptions\\FailUploadingFileException\" is thrown.\n\nERRORS!\nTests: 4, Assertions: 3, Errors: 1, Failures: 1.","coveredBy":["dcdf3770770ae6814995a42bc8f75a34","e2e3abe013fe94fbb23700ea903057f2","f17dfd3321c73cb8c2a8531ca41c64f3"],"killedBy":["f17dfd3321c73cb8c2a8531ca41c64f3"],"testsCompleted":4},{"id":"de2402470ab24c5e39d5a7c98793da64","mutatorName":"Concat","replacement":"throw new FailUploadingFileException($response->getStatusCode() . 'Download failed : ');","description":"Flips the operands of the string concatenation operator `.`. For example:\n\n```php\n'foo' . 'bar';\n```\n\nWill be mutated to:\n\n```php\n'bar' . 'foo';\n```","location":{"start":{"line":38,"column":13},"end":{"line":38,"column":101}},"status":"Killed","statusReason":"PHPUnit 11.1.1 by Sebastian Bergmann and contributors.\n\nRuntime:       PHP 8.3.4\nConfiguration: \/tmp\/infection\/phpunitConfiguration.de2402470ab24c5e39d5a7c98793da64.infection.xml\n\n...F\n\nTime: 00:00.527, Memory: 12.00 MB\n\nThere was 1 failure:\n\n1) DriveManager\\Tests\\Infrastructure\\DriveProvider\\DropFileNextcloudTest::testDropFileFail\nFailed asserting that exception message '404Download failed : ' matches '\/Download failed : \\d{3}\/'.\n\nFAILURES!\nTests: 4, Assertions: 5, Failures: 1.","coveredBy":["dcdf3770770ae6814995a42bc8f75a34"],"killedBy":["dcdf3770770ae6814995a42bc8f75a34"],"testsCompleted":4},{"id":"258c5cae96b47d2c5b1f05751a7b6904","mutatorName":"ConcatOperandRemoval","replacement":"throw new FailUploadingFileException($response->getStatusCode());","description":"Removes an operand from a string concatenation.\n\n```php\n$x = 'foo' . 'bar';\n```\n\nWill be mutated to:\n\n```php\n$x = 'foo';\n```\n\nAnd:\n\n```php\n$x = 'bar';\n","location":{"start":{"line":38,"column":13},"end":{"line":38,"column":101}},"status":"Killed","statusReason":"PHPUnit 11.1.1 by Sebastian Bergmann and contributors.\n\nRuntime:       PHP 8.3.4\nConfiguration: \/tmp\/infection\/phpunitConfiguration.258c5cae96b47d2c5b1f05751a7b6904.infection.xml\n\n...F\n\nTime: 00:00.686, Memory: 12.00 MB\n\nThere was 1 failure:\n\n1) DriveManager\\Tests\\Infrastructure\\DriveProvider\\DropFileNextcloudTest::testDropFileFail\nFailed asserting that exception message '404' matches '\/Download failed : \\d{3}\/'.\n\nFAILURES!\nTests: 4, Assertions: 5, Failures: 1.","coveredBy":["dcdf3770770ae6814995a42bc8f75a34"],"killedBy":["dcdf3770770ae6814995a42bc8f75a34"],"testsCompleted":4},{"id":"97b8d0a3769f9b9d82d2ce56e96bf994","mutatorName":"ConcatOperandRemoval","replacement":"throw new FailUploadingFileException('Download failed : ');","description":"Removes an operand from a string concatenation.\n\n```php\n$x = 'foo' . 'bar';\n```\n\nWill be mutated to:\n\n```php\n$x = 'foo';\n```\n\nAnd:\n\n```php\n$x = 'bar';\n","location":{"start":{"line":38,"column":13},"end":{"line":38,"column":101}},"status":"Killed","statusReason":"PHPUnit 11.1.1 by Sebastian Bergmann and contributors.\n\nRuntime:       PHP 8.3.4\nConfiguration: \/tmp\/infection\/phpunitConfiguration.97b8d0a3769f9b9d82d2ce56e96bf994.infection.xml\n\n.....F                                                              6 \/ 6 (100%)\n\nTime: 00:00.974, Memory: 12.00 MB\n\nThere was 1 failure:\n\n1) DriveManager\\Tests\\Infrastructure\\DriveProvider\\DropFileNextcloudTest::testDropFileFail\nFailed asserting that exception message 'Download failed : ' matches '\/Download failed : \\d{3}\/'.\n\nFAILURES!\nTests: 6, Assertions: 7, Failures: 1.","coveredBy":["dcdf3770770ae6814995a42bc8f75a34"],"killedBy":["dcdf3770770ae6814995a42bc8f75a34"],"testsCompleted":6},{"id":"6bc04e898575fb7656eacbdb6e2462cd","mutatorName":"Throw_","replacement":"new FailUploadingFileException('Download failed : ' . $response->getStatusCode());","description":"Removes a throw statement (`throw`). For example:\n\n```php\nthrow new Exception();\n```\n\nWill be mutated to:\n\n```php\nnew Exception();\n```\n","location":{"start":{"line":38,"column":13},"end":{"line":38,"column":101}},"status":"Killed","statusReason":"PHPUnit 11.1.1 by Sebastian Bergmann and contributors.\n\nRuntime:       PHP 8.3.4\nConfiguration: \/tmp\/infection\/phpunitConfiguration.6bc04e898575fb7656eacbdb6e2462cd.infection.xml\n\n.....F                                                              6 \/ 6 (100%)\n\nTime: 00:01.006, Memory: 12.00 MB\n\nThere was 1 failure:\n\n1) DriveManager\\Tests\\Infrastructure\\DriveProvider\\DropFileNextcloudTest::testDropFileFail\nFailed asserting that exception of type \"DriveManager\\Application\\Service\\DropFile\\Exceptions\\FailUploadingFileException\" is thrown.\n\nFAILURES!\nTests: 6, Assertions: 6, Failures: 1.","coveredBy":["dcdf3770770ae6814995a42bc8f75a34"],"killedBy":["dcdf3770770ae6814995a42bc8f75a34"],"testsCompleted":6},{"id":"9ed0b933de074b7682e1ab61a33d26aa","mutatorName":"DecrementInteger","replacement":"return $response->getStatusCode() === 199;","description":"Decrements an integer value with 1.","location":{"start":{"line":46,"column":9},"end":{"line":46,"column":51}},"status":"Killed","statusReason":"PHPUnit 11.1.1 by Sebastian Bergmann and contributors.\n\nRuntime:       PHP 8.3.4\nConfiguration: \/tmp\/infection\/phpunitConfiguration.9ed0b933de074b7682e1ab61a33d26aa.infection.xml\n\nF\n\nTime: 00:00.014, Memory: 12.00 MB\n\nThere was 1 failure:\n\n1) DriveManager\\Tests\\Infrastructure\\DriveProvider\\DropFileNextcloudTest::testDropFileSuccess\nFailed asserting that false is true.\n\n\/home\/dev\/work\/DriveManager\/tests\/unit\/Infrastructure\/DriveProvider\/DropFileNextcloudTest.php:74\n\nFAILURES!\nTests: 1, Assertions: 1, Failures: 1.","coveredBy":["101c103a5895f854f85578e81d50d169","67962a755c696325d98af3da8febeb62","f17dfd3321c73cb8c2a8531ca41c64f3"],"killedBy":["f17dfd3321c73cb8c2a8531ca41c64f3"],"testsCompleted":1},{"id":"12fad5d7c5ca7397a91e4da45c6615ac","mutatorName":"IncrementInteger","replacement":"return $response->getStatusCode() === 201;","description":"Increments an integer value with 1.","location":{"start":{"line":46,"column":9},"end":{"line":46,"column":51}},"status":"Killed","statusReason":"PHPUnit 11.1.1 by Sebastian Bergmann and contributors.\n\nRuntime:       PHP 8.3.4\nConfiguration: \/tmp\/infection\/phpunitConfiguration.12fad5d7c5ca7397a91e4da45c6615ac.infection.xml\n\nF\n\nTime: 00:00.016, Memory: 12.00 MB\n\nThere was 1 failure:\n\n1) DriveManager\\Tests\\Infrastructure\\DriveProvider\\DropFileNextcloudTest::testDropFileSuccess\nFailed asserting that false is true.\n\n\/home\/dev\/work\/DriveManager\/tests\/unit\/Infrastructure\/DriveProvider\/DropFileNextcloudTest.php:74\n\nFAILURES!\nTests: 1, Assertions: 1, Failures: 1.","coveredBy":["101c103a5895f854f85578e81d50d169","67962a755c696325d98af3da8febeb62","f17dfd3321c73cb8c2a8531ca41c64f3"],"killedBy":["f17dfd3321c73cb8c2a8531ca41c64f3"],"testsCompleted":1},{"id":"7a85a67d91f1f38985ea62f31b9cfa9b","mutatorName":"Identical","replacement":"return $response->getStatusCode() !== 200;","description":"Replaces an identical operator (`===`) with its counterpart the not identical operator (`!==`).","location":{"start":{"line":46,"column":9},"end":{"line":46,"column":51}},"status":"Killed","statusReason":"PHPUnit 11.1.1 by Sebastian Bergmann and contributors.\n\nRuntime:       PHP 8.3.4\nConfiguration: \/tmp\/infection\/phpunitConfiguration.7a85a67d91f1f38985ea62f31b9cfa9b.infection.xml\n\n.F\n\nTime: 00:00.016, Memory: 12.00 MB\n\nThere was 1 failure:\n\n1) DriveManager\\Tests\\Infrastructure\\DriveProvider\\DropFileNextcloudTest::testIsFileExistsTrue\nFailed asserting that false is true.\n\n\/home\/dev\/work\/DriveManager\/tests\/unit\/Infrastructure\/DriveProvider\/DropFileNextcloudTest.php:119\n\nFAILURES!\nTests: 2, Assertions: 2, Failures: 1.","coveredBy":["101c103a5895f854f85578e81d50d169","67962a755c696325d98af3da8febeb62","f17dfd3321c73cb8c2a8531ca41c64f3"],"killedBy":["101c103a5895f854f85578e81d50d169"],"testsCompleted":2},{"id":"7dfe5df99872fd4bbec1937e81ef0ac2","mutatorName":"PublicVisibility","replacement":"protected function readFile(File $file): string","description":"Replaces the `public` method visibility keyword with `protected`.","location":{"start":{"line":49,"column":5},"end":{"line":49,"column":49}},"status":"Killed","statusReason":"PHPUnit 11.1.1 by Sebastian Bergmann and contributors.\n\nRuntime:       PHP 8.3.4\nConfiguration: \/tmp\/infection\/phpunitConfiguration.7dfe5df99872fd4bbec1937e81ef0ac2.infection.xml\n\nE.....                                                              6 \/ 6 (100%)\n\nTime: 00:00.846, Memory: 12.00 MB\n\nThere was 1 error:\n\n1) DriveManager\\Tests\\Infrastructure\\DriveProvider\\DropFileNextcloudTest::testReadAFile\nError: Call to protected method DriveManager\\Infrastructure\\DriveProvider\\DropFileNextcloud::readFile() from scope DriveManager\\Tests\\Infrastructure\\DriveProvider\\DropFileNextcloudTest\n\n\/home\/dev\/work\/DriveManager\/tests\/unit\/Infrastructure\/DriveProvider\/DropFileNextcloudTest.php:143\n\nERRORS!\nTests: 6, Assertions: 6, Errors: 1.","coveredBy":["f587532994a2087fb33510f6757a1ce8"],"killedBy":["f587532994a2087fb33510f6757a1ce8"],"testsCompleted":6}]},"Infrastructure\/DriveProvider\/HttpClientFactory.php":{"language":"php","source":"<?php\n\nnamespace DriveManager\\Infrastructure\\DriveProvider;\n\nuse Symfony\\Contracts\\HttpClient\\HttpClientInterface;\nuse Symfony\\Component\\HttpClient\\HttpClient;\n\nclass HttpClientFactory\n{\n    public function create(string $baseUri, string $username, string $password): HttpClientInterface\n    {\n        return HttpClient::create([\n            'base_uri' => $baseUri,\n            'auth_basic' => [$username, $password],\n            'headers' => [\n                'OCS-APIRequest' => 'true',\n                'Accept' => 'application\/json',\n            ],\n        ]);\n    }\n}\n","mutants":[{"id":"438ef3dbf9226cfa90fddd34fce09123","mutatorName":"PublicVisibility","replacement":"protected function create(string $baseUri, string $username, string $password): HttpClientInterface","description":"Replaces the `public` method visibility keyword with `protected`.","location":{"start":{"line":10,"column":5},"end":{"line":10,"column":101}},"status":"Killed","statusReason":"PHPUnit 11.1.1 by Sebastian Bergmann and contributors.\n\nRuntime:       PHP 8.3.4\nConfiguration: \/tmp\/infection\/phpunitConfiguration.438ef3dbf9226cfa90fddd34fce09123.infection.xml\n\nEEEEEEE                                                             7 \/ 7 (100%)\n\nTime: 00:00.011, Memory: 12.00 MB\n\nThere were 7 errors:\n\n1) DriveManager\\Tests\\Infrastructure\\DriveProvider\\DropFileNextcloudTest::testDropFileSuccess\nError: Call to protected method DriveManager\\Infrastructure\\DriveProvider\\HttpClientFactory::create() from scope DriveManager\\Infrastructure\\DriveProvider\\DropFileNextcloud\n\n\/home\/dev\/work\/DriveManager\/src\/Infrastructure\/DriveProvider\/DropFileNextcloud.php:23\n\/home\/dev\/work\/DriveManager\/tests\/unit\/Infrastructure\/DriveProvider\/DropFileNextcloudTest.php:36\n\n2) DriveManager\\Tests\\Infrastructure\\DriveProvider\\DropFileNextcloudTest::testReadAFile\nError: Call to protected method DriveManager\\Infrastructure\\DriveProvider\\HttpClientFactory::create() from scope DriveManager\\Infrastructure\\DriveProvider\\DropFileNextcloud\n\n\/home\/dev\/work\/DriveManager\/src\/Infrastructure\/DriveProvider\/DropFileNextcloud.php:23\n\/home\/dev\/work\/DriveManager\/tests\/unit\/Infrastructure\/DriveProvider\/DropFileNextcloudTest.php:36\n\n3) DriveManager\\Tests\\Infrastructure\\DriveProvider\\DropFileNextcloudTest::testIsFileExistsTrue\nError: Call to protected method DriveManager\\Infrastructure\\DriveProvider\\HttpClientFactory::create() from scope DriveManager\\Infrastructure\\DriveProvider\\DropFileNextcloud\n\n\/home\/dev\/work\/DriveManager\/src\/Infrastructure\/DriveProvider\/DropFileNextcloud.php:23\n\/home\/dev\/work\/DriveManager\/tests\/unit\/Infrastructure\/DriveProvider\/DropFileNextcloudTest.php:36\n\n4) DriveManager\\Tests\\Infrastructure\\DriveProvider\\DropFileNextcloudTest::testIsFileExistsFalse\nError: Call to protected method DriveManager\\Infrastructure\\DriveProvider\\HttpClientFactory::create() from scope DriveManager\\Infrastructure\\DriveProvider\\DropFileNextcloud\n\n\/home\/dev\/work\/DriveManager\/src\/Infrastructure\/DriveProvider\/DropFileNextcloud.php:23\n\/home\/dev\/work\/DriveManager\/tests\/unit\/Infrastructure\/DriveProvider\/DropFileNextcloudTest.php:36\n\n5) DriveManager\\Tests\\Infrastructure\\DriveProvider\\DropFileNextcloudTest::testDropBody\nError: Call to protected method DriveManager\\Infrastructure\\DriveProvider\\HttpClientFactory::create() from scope DriveManager\\Infrastructure\\DriveProvider\\DropFileNextcloud\n\n\/home\/dev\/work\/DriveManager\/src\/Infrastructure\/DriveProvider\/DropFileNextcloud.php:23\n\/home\/dev\/work\/DriveManager\/tests\/unit\/Infrastructure\/DriveProvider\/DropFileNextcloudTest.php:36\n\n6) DriveManager\\Tests\\Infrastructure\\DriveProvider\\DropFileNextcloudTest::testDropFileFail\nError: Call to protected method DriveManager\\Infrastructure\\DriveProvider\\HttpClientFactory::create() from scope DriveManager\\Infrastructure\\DriveProvider\\DropFileNextcloud\n\n\/home\/dev\/work\/DriveManager\/src\/Infrastructure\/DriveProvider\/DropFileNextcloud.php:23\n\/home\/dev\/work\/DriveManager\/tests\/unit\/Infrastructure\/DriveProvider\/DropFileNextcloudTest.php:36\n\n7) DriveManager\\Tests\\Infrastructure\\DriveProvider\\HttpClientFactoryTest::testCreate\nError: Call to protected method DriveManager\\Infrastructure\\DriveProvider\\HttpClientFactory::create() from scope DriveManager\\Tests\\Infrastructure\\DriveProvider\\HttpClientFactoryTest\n\n\/home\/dev\/work\/DriveManager\/tests\/unit\/Infrastructure\/DriveProvider\/HttpClientFactoryTest.php:21\n\nERRORS!\nTests: 7, Assertions: 0, Errors: 7.","coveredBy":["dcdf3770770ae6814995a42bc8f75a34","e2e3abe013fe94fbb23700ea903057f2","f587532994a2087fb33510f6757a1ce8","101c103a5895f854f85578e81d50d169","67962a755c696325d98af3da8febeb62","f17dfd3321c73cb8c2a8531ca41c64f3","d3123e02c5deb6a1eadb3946d95fc500"],"killedBy":["f17dfd3321c73cb8c2a8531ca41c64f3"],"testsCompleted":7},{"id":"623ba19d9fa7112df5ee9d5d30ff8920","mutatorName":"ArrayItemRemoval","replacement":"return HttpClient::create(['auth_basic' => [$username, $password], 'headers' => ['OCS-APIRequest' => 'true', 'Accept' => 'application\/json']]);","description":"Removes an element of an array literal. For example:\n\n```php\n$x = [0, 1, 2];\n```\n\nWill be mutated to:\n\n```php\n$x = [1, 2];\n```\n\nAnd:\n\n```php\n$x = [0, 2];\n```\n\nAnd:\n\n```php\n$x = [0, 1];\n```\n\nWhich elements it removes or how many elements it will attempt to remove will depend on its\nconfiguration.\n","location":{"start":{"line":12,"column":9},"end":{"line":19,"column":36}},"status":"Killed","statusReason":"PHPUnit 11.1.1 by Sebastian Bergmann and contributors.\n\nRuntime:       PHP 8.3.4\nConfiguration: \/tmp\/infection\/phpunitConfiguration.623ba19d9fa7112df5ee9d5d30ff8920.infection.xml\n\n...E.F\n\nTime: 00:00.021, Memory: 12.00 MB\n\nThere was 1 error:\n\n1) DriveManager\\Tests\\Infrastructure\\DriveProvider\\DropFileNextcloudTest::testIsFileExistsFalse\nSymfony\\Component\\HttpClient\\Exception\\InvalidArgumentException: Invalid URL: scheme is missing in \"noneExistingDir\/\". Did you forget to add \"http(s):\/\/\"?\n\n\/home\/dev\/work\/DriveManager\/vendor\/symfony\/http-client\/HttpClientTrait.php:565\n\/home\/dev\/work\/DriveManager\/vendor\/symfony\/http-client\/HttpClientTrait.php:179\n\/home\/dev\/work\/DriveManager\/vendor\/symfony\/http-client\/CurlHttpClient.php:100\n\/home\/dev\/work\/DriveManager\/src\/Infrastructure\/DriveProvider\/DropFileNextcloud.php:44\n\/home\/dev\/work\/DriveManager\/tests\/unit\/Infrastructure\/DriveProvider\/DropFileNextcloudTest.php:126\n\n--\n\nThere was 1 failure:\n\n1) DriveManager\\Tests\\Infrastructure\\DriveProvider\\DropFileNextcloudTest::testDropFileFail\nFailed asserting that exception of type \"Symfony\\Component\\HttpClient\\Exception\\InvalidArgumentException\" matches expected exception \"DriveManager\\Application\\Service\\DropFile\\Exceptions\\FailUploadingFileException\". Message was: \"Invalid URL: scheme is missing in \"Bad\/link\/testfile.txt\". Did you forget to add \"http(s):\/\/\"?\" at\n\/home\/dev\/work\/DriveManager\/vendor\/symfony\/http-client\/HttpClientTrait.php:565\n\/home\/dev\/work\/DriveManager\/vendor\/symfony\/http-client\/HttpClientTrait.php:179\n\/home\/dev\/work\/DriveManager\/vendor\/symfony\/http-client\/CurlHttpClient.php:100\n\/home\/dev\/work\/DriveManager\/src\/Infrastructure\/DriveProvider\/DropFileNextcloud.php:35\n\/home\/dev\/work\/DriveManager\/tests\/unit\/Infrastructure\/DriveProvider\/DropFileNextcloudTest.php:50\n.\n\nERRORS!\nTests: 6, Assertions: 5, Errors: 1, Failures: 1.","coveredBy":["dcdf3770770ae6814995a42bc8f75a34","e2e3abe013fe94fbb23700ea903057f2","f587532994a2087fb33510f6757a1ce8","101c103a5895f854f85578e81d50d169","67962a755c696325d98af3da8febeb62","f17dfd3321c73cb8c2a8531ca41c64f3","d3123e02c5deb6a1eadb3946d95fc500"],"killedBy":["67962a755c696325d98af3da8febeb62"],"testsCompleted":6},{"id":"5e44a9eb13e3631bb8ab7976b053d2e8","mutatorName":"ArrayItemRemoval","replacement":"return HttpClient::create(['base_uri' => $baseUri, 'auth_basic' => [$password], 'headers' => ['OCS-APIRequest' => 'true', 'Accept' => 'application\/json']]);","description":"Removes an element of an array literal. For example:\n\n```php\n$x = [0, 1, 2];\n```\n\nWill be mutated to:\n\n```php\n$x = [1, 2];\n```\n\nAnd:\n\n```php\n$x = [0, 2];\n```\n\nAnd:\n\n```php\n$x = [0, 1];\n```\n\nWhich elements it removes or how many elements it will attempt to remove will depend on its\nconfiguration.\n","location":{"start":{"line":14,"column":13},"end":{"line":14,"column":52}},"status":"Killed","statusReason":"PHPUnit 11.1.1 by Sebastian Bergmann and contributors.\n\nRuntime:       PHP 8.3.4\nConfiguration: \/tmp\/infection\/phpunitConfiguration.5e44a9eb13e3631bb8ab7976b053d2e8.infection.xml\n\n......F                                                             7 \/ 7 (100%)\n\nTime: 00:00.334, Memory: 12.00 MB\n\nThere was 1 failure:\n\n1) DriveManager\\Tests\\Infrastructure\\DriveProvider\\HttpClientFactoryTest::testCreate\nFailed asserting that two strings are equal.\n--- Expected\n+++ Actual\n@@ @@\n-'emailAddress:psw'\n+'psw'\n\n\/home\/dev\/work\/DriveManager\/tests\/unit\/Infrastructure\/DriveProvider\/HttpClientFactoryTest.php:32\n\nFAILURES!\nTests: 7, Assertions: 13, Failures: 1.","coveredBy":["dcdf3770770ae6814995a42bc8f75a34","e2e3abe013fe94fbb23700ea903057f2","f587532994a2087fb33510f6757a1ce8","101c103a5895f854f85578e81d50d169","67962a755c696325d98af3da8febeb62","f17dfd3321c73cb8c2a8531ca41c64f3","d3123e02c5deb6a1eadb3946d95fc500"],"killedBy":["d3123e02c5deb6a1eadb3946d95fc500"],"testsCompleted":7},{"id":"1b6ee10094a91c7877c0301b0956fd71","mutatorName":"ArrayItemRemoval","replacement":"return HttpClient::create(['base_uri' => $baseUri, 'auth_basic' => [$username, $password], 'headers' => ['Accept' => 'application\/json']]);","description":"Removes an element of an array literal. For example:\n\n```php\n$x = [0, 1, 2];\n```\n\nWill be mutated to:\n\n```php\n$x = [1, 2];\n```\n\nAnd:\n\n```php\n$x = [0, 2];\n```\n\nAnd:\n\n```php\n$x = [0, 1];\n```\n\nWhich elements it removes or how many elements it will attempt to remove will depend on its\nconfiguration.\n","location":{"start":{"line":15,"column":13},"end":{"line":18,"column":27}},"status":"Killed","statusReason":"PHPUnit 11.1.1 by Sebastian Bergmann and contributors.\n\nRuntime:       PHP 8.3.4\nConfiguration: \/tmp\/infection\/phpunitConfiguration.1b6ee10094a91c7877c0301b0956fd71.infection.xml\n\n......F                                                             7 \/ 7 (100%)\n\nTime: 00:00.786, Memory: 12.00 MB\n\nThere was 1 failure:\n\n1) DriveManager\\Tests\\Infrastructure\\DriveProvider\\HttpClientFactoryTest::testCreate\nFailed asserting that actual size 1 matches expected size 2.\n\n\/home\/dev\/work\/DriveManager\/tests\/unit\/Infrastructure\/DriveProvider\/HttpClientFactoryTest.php:35\n\nFAILURES!\nTests: 7, Assertions: 16, Failures: 1.","coveredBy":["dcdf3770770ae6814995a42bc8f75a34","e2e3abe013fe94fbb23700ea903057f2","f587532994a2087fb33510f6757a1ce8","101c103a5895f854f85578e81d50d169","67962a755c696325d98af3da8febeb62","f17dfd3321c73cb8c2a8531ca41c64f3","d3123e02c5deb6a1eadb3946d95fc500"],"killedBy":["d3123e02c5deb6a1eadb3946d95fc500"],"testsCompleted":7}]}},"testFiles":{"\/home\/dev\/work\/DriveManager\/tests\/unit\/Application\/Service\/DropFile\/DropFileTest.php":{"tests":[{"id":"e2dbf5f4be5d1423551df21e7999666f","name":"DriveManager\\Tests\\Application\\Service\\DropFile\\DropFileTest::testDepositASimpleFile"},{"id":"bf4612de009320f1a9ec5e4ce84b6137","name":"DriveManager\\Tests\\Application\\Service\\DropFile\\DropFileTest::testDepositAFileWithComplexPath"},{"id":"344871469e7a6d983df5663ebcc23175","name":"DriveManager\\Tests\\Application\\Service\\DropFile\\DropFileTest::testCountFilesDeposit"}]},"\/home\/dev\/work\/DriveManager\/tests\/unit\/Domain\/FileTest.php":{"tests":[{"id":"6b87ba6ed2f24bd4bc3be3c35437ce56","name":"DriveManager\\Tests\\Domain\\FileTest::testCreateFileFromAnExistingFile"},{"id":"9d692165916d891482073ea05e22baa3","name":"DriveManager\\Tests\\Domain\\FileTest::testFileId"},{"id":"04b90d96c7fe427c43fa7d9cd7e0e728","name":"DriveManager\\Tests\\Domain\\FileTest::testFileCreationDate"}]},"\/home\/dev\/work\/DriveManager\/tests\/unit\/Infrastructure\/DriveProvider\/DropFileForFileSystemTest.php":{"tests":[{"id":"3188d27faf0542c1df4f334b0e7a8883","name":"DriveManager\\Tests\\Infrastructure\\DriveProvider\\DropFileForFileSystemTest::testFileDoesntExiste"},{"id":"67524a3d4cc3c11715f0ce54f28f336e","name":"DriveManager\\Tests\\Infrastructure\\DriveProvider\\DropFileForFileSystemTest::testDropOneFile"},{"id":"e3a165ff08c432bcc1bff1eb343a4be0","name":"DriveManager\\Tests\\Infrastructure\\DriveProvider\\DropFileForFileSystemTest::testThrowExceptionRepositoryDoesntExiste"},{"id":"f6923d74015873bd19d4d8ee18ced51f","name":"DriveManager\\Tests\\Infrastructure\\DriveProvider\\DropFileForFileSystemTest::testCreateDirectory"},{"id":"ddec5ed507dccfe6b3be1a3e9da1b39f","name":"DriveManager\\Tests\\Infrastructure\\DriveProvider\\DropFileForFileSystemTest::testCreateDirectoryRecursively"},{"id":"273affb146ba95ed03bc23ac4152239a","name":"DriveManager\\Tests\\Infrastructure\\DriveProvider\\DropFileForFileSystemTest::testCreateDirectoryWithCorrectPermissions"}]},"\/home\/dev\/work\/DriveManager\/tests\/unit\/Infrastructure\/DriveProvider\/DropFileNextcloudTest.php":{"tests":[{"id":"dcdf3770770ae6814995a42bc8f75a34","name":"DriveManager\\Tests\\Infrastructure\\DriveProvider\\DropFileNextcloudTest::testDropFileFail"},{"id":"e2e3abe013fe94fbb23700ea903057f2","name":"DriveManager\\Tests\\Infrastructure\\DriveProvider\\DropFileNextcloudTest::testDropBody"},{"id":"f587532994a2087fb33510f6757a1ce8","name":"DriveManager\\Tests\\Infrastructure\\DriveProvider\\DropFileNextcloudTest::testReadAFile"},{"id":"f17dfd3321c73cb8c2a8531ca41c64f3","name":"DriveManager\\Tests\\Infrastructure\\DriveProvider\\DropFileNextcloudTest::testDropFileSuccess"},{"id":"101c103a5895f854f85578e81d50d169","name":"DriveManager\\Tests\\Infrastructure\\DriveProvider\\DropFileNextcloudTest::testIsFileExistsTrue"},{"id":"67962a755c696325d98af3da8febeb62","name":"DriveManager\\Tests\\Infrastructure\\DriveProvider\\DropFileNextcloudTest::testIsFileExistsFalse"}]},"\/home\/dev\/work\/DriveManager\/tests\/unit\/Infrastructure\/Persistence\/FileRepositoryInMemoryTest.php":{"tests":[{"id":"ae3e6c8669394ac8fa94f37859a9a124","name":"DriveManager\\Tests\\Infrastructure\\Persistence\\FileRepositoryInMemoryTest::testFindById"}]},"\/home\/dev\/work\/DriveManager\/tests\/unit\/Domain\/FileContentTest.php":{"tests":[{"id":"700c9eb8fd6b978dc194d6b337bd1106","name":"DriveManager\\Tests\\Domain\\FileContentTest::testCreateContent"},{"id":"cf79af83d8d079523725050dd17e9b88","name":"DriveManager\\Tests\\Domain\\FileContentTest::testCreateEmptyContent"}]},"\/home\/dev\/work\/DriveManager\/tests\/unit\/Domain\/FileIdTest.php":{"tests":[{"id":"ba849059207d26017e6b448ea586c233","name":"DriveManager\\Tests\\Domain\\FileIdTest::testIdentify2"},{"id":"c65f7385b7bf1b282703c907b504af69","name":"DriveManager\\Tests\\Domain\\FileIdTest::testIdentify"}]},"\/home\/dev\/work\/DriveManager\/tests\/unit\/Domain\/FileNameTest.php":{"tests":[{"id":"e076fc5c6c067bc3692f5298cd7d1184","name":"DriveManager\\Tests\\Domain\\FileNameTest::testCreateFileName"}]},"\/home\/dev\/work\/DriveManager\/tests\/unit\/Domain\/PathTest.php":{"tests":[{"id":"4e9345929cf3f1443608a1d710bcfd53","name":"DriveManager\\Tests\\Domain\\PathTest::testDetectIncompleteNextCloudPathException"},{"id":"6852fb5ebb5a5412b0a8c5a3c429e4dd","name":"DriveManager\\Tests\\Domain\\PathTest::testPathWithLinuxStyle"},{"id":"0e5297c18ffae9efc2f98a63786d8184","name":"DriveManager\\Tests\\Domain\\PathTest::testPathWithNextCloudStyle"},{"id":"6d6d98e79e7b349b18b1f7780389b444","name":"DriveManager\\Tests\\Domain\\PathTest::testCorrectFileSystemButWithStrangeWord"}]},"\/home\/dev\/work\/DriveManager\/tests\/unit\/Infrastructure\/DriveProvider\/HttpClientFactoryTest.php":{"tests":[{"id":"d3123e02c5deb6a1eadb3946d95fc500","name":"DriveManager\\Tests\\Infrastructure\\DriveProvider\\HttpClientFactoryTest::testCreate"}]}},"framework":{"name":"Infection","branding":{"homepageUrl":"https:\/\/infection.github.io\/","imageUrl":"https:\/\/infection.github.io\/images\/logo.png"}}}
            ;
        </script>
    </body>
</html>